The system is: Linux - 6.1.0-23-amd64 - x86_64
Compiling the C compiler identification source file "CMakeCCompilerId.c" succeeded.
Compiler: /usr/bin/cc 
Build flags: 
Id flags:  

The output was:
0


Compilation of the C compiler identification source "CMakeCCompilerId.c" produced "a.out"

The C compiler identification is GNU, found in "/home/mathav/Downloads/Recycle bin/jul 24/check/nvtop/build/CMakeFiles/3.25.1/CompilerIdC/a.out"

Compiling the CXX compiler identification source file "CMakeCXXCompilerId.cpp" succeeded.
Compiler: /usr/bin/c++ 
Build flags: 
Id flags:  

The output was:
0


Compilation of the CXX compiler identification source "CMakeCXXCompilerId.cpp" produced "a.out"

The CXX compiler identification is GNU, found in "/home/mathav/Downloads/Recycle bin/jul 24/check/nvtop/build/CMakeFiles/3.25.1/CompilerIdCXX/a.out"

Detecting C compiler ABI info compiled with the following output:
Change Dir: /home/mathav/Downloads/Recycle bin/jul 24/check/nvtop/build/CMakeFiles/CMakeScratch/TryCompile-HLNKs2

Run Build Command(s):/usr/bin/gmake -f Makefile cmTC_b683e/fast && /usr/bin/gmake  -f CMakeFiles/cmTC_b683e.dir/build.make CMakeFiles/cmTC_b683e.dir/build
gmake[1]: Entering directory '/home/mathav/Downloads/Recycle bin/jul 24/check/nvtop/build/CMakeFiles/CMakeScratch/TryCompile-HLNKs2'
Building C object CMakeFiles/cmTC_b683e.dir/CMakeCCompilerABI.c.o
/usr/bin/cc   -v -o CMakeFiles/cmTC_b683e.dir/CMakeCCompilerABI.c.o -c /usr/share/cmake-3.25/Modules/CMakeCCompilerABI.c
Using built-in specs.
COLLECT_GCC=/usr/bin/cc
OFFLOAD_TARGET_NAMES=nvptx-none:amdgcn-amdhsa
OFFLOAD_TARGET_DEFAULT=1
Target: x86_64-linux-gnu
Configured with: ../src/configure -v --with-pkgversion='Debian 12.2.0-14' --with-bugurl=file:///usr/share/doc/gcc-12/README.Bugs --enable-languages=c,ada,c++,go,d,fortran,objc,obj-c++,m2 --prefix=/usr --with-gcc-major-version-only --program-suffix=-12 --program-prefix=x86_64-linux-gnu- --enable-shared --enable-linker-build-id --libexecdir=/usr/lib --without-included-gettext --enable-threads=posix --libdir=/usr/lib --enable-nls --enable-clocale=gnu --enable-libstdcxx-debug --enable-libstdcxx-time=yes --with-default-libstdcxx-abi=new --enable-gnu-unique-object --disable-vtable-verify --enable-plugin --enable-default-pie --with-system-zlib --enable-libphobos-checking=release --with-target-system-zlib=auto --enable-objc-gc=auto --enable-multiarch --disable-werror --enable-cet --with-arch-32=i686 --with-abi=m64 --with-multilib-list=m32,m64,mx32 --enable-multilib --with-tune=generic --enable-offload-targets=nvptx-none=/build/gcc-12-bTRWOB/gcc-12-12.2.0/debian/tmp-nvptx/usr,amdgcn-amdhsa=/build/gcc-12-bTRWOB/gcc-12-12.2.0/debian/tmp-gcn/usr --enable-offload-defaulted --without-cuda-driver --enable-checking=release --build=x86_64-linux-gnu --host=x86_64-linux-gnu --target=x86_64-linux-gnu
Thread model: posix
Supported LTO compression algorithms: zlib zstd
gcc version 12.2.0 (Debian 12.2.0-14) 
COLLECT_GCC_OPTIONS='-v' '-o' 'CMakeFiles/cmTC_b683e.dir/CMakeCCompilerABI.c.o' '-c' '-mtune=generic' '-march=x86-64' '-dumpdir' 'CMakeFiles/cmTC_b683e.dir/'
 /usr/lib/gcc/x86_64-linux-gnu/12/cc1 -quiet -v -imultiarch x86_64-linux-gnu /usr/share/cmake-3.25/Modules/CMakeCCompilerABI.c -quiet -dumpdir CMakeFiles/cmTC_b683e.dir/ -dumpbase CMakeCCompilerABI.c.c -dumpbase-ext .c -mtune=generic -march=x86-64 -version -fasynchronous-unwind-tables -o /tmp/ccBw5spC.s
GNU C17 (Debian 12.2.0-14) version 12.2.0 (x86_64-linux-gnu)
	compiled by GNU C version 12.2.0, GMP version 6.2.1, MPFR version 4.1.1-p1, MPC version 1.3.1, isl version isl-0.25-GMP

warning: MPFR header version 4.1.1-p1 differs from library version 4.2.0.
GGC heuristics: --param ggc-min-expand=100 --param ggc-min-heapsize=131072
ignoring nonexistent directory "/usr/local/include/x86_64-linux-gnu"
ignoring nonexistent directory "/usr/lib/gcc/x86_64-linux-gnu/12/include-fixed"
ignoring nonexistent directory "/usr/lib/gcc/x86_64-linux-gnu/12/../../../../x86_64-linux-gnu/include"
#include "..." search starts here:
#include <...> search starts here:
 /usr/lib/gcc/x86_64-linux-gnu/12/include
 /usr/local/include
 /usr/include/x86_64-linux-gnu
 /usr/include
End of search list.
GNU C17 (Debian 12.2.0-14) version 12.2.0 (x86_64-linux-gnu)
	compiled by GNU C version 12.2.0, GMP version 6.2.1, MPFR version 4.1.1-p1, MPC version 1.3.1, isl version isl-0.25-GMP

warning: MPFR header version 4.1.1-p1 differs from library version 4.2.0.
GGC heuristics: --param ggc-min-expand=100 --param ggc-min-heapsize=131072
Compiler executable checksum: cc72d2b9b5048fedc2be9051c917b40b
COLLECT_GCC_OPTIONS='-v' '-o' 'CMakeFiles/cmTC_b683e.dir/CMakeCCompilerABI.c.o' '-c' '-mtune=generic' '-march=x86-64' '-dumpdir' 'CMakeFiles/cmTC_b683e.dir/'
 as -v --64 -o CMakeFiles/cmTC_b683e.dir/CMakeCCompilerABI.c.o /tmp/ccBw5spC.s
GNU assembler version 2.40 (x86_64-linux-gnu) using BFD version (GNU Binutils for Debian) 2.40
COMPILER_PATH=/usr/lib/gcc/x86_64-linux-gnu/12/:/usr/lib/gcc/x86_64-linux-gnu/12/:/usr/lib/gcc/x86_64-linux-gnu/:/usr/lib/gcc/x86_64-linux-gnu/12/:/usr/lib/gcc/x86_64-linux-gnu/
LIBRARY_PATH=/usr/lib/gcc/x86_64-linux-gnu/12/:/usr/lib/gcc/x86_64-linux-gnu/12/../../../x86_64-linux-gnu/:/usr/lib/gcc/x86_64-linux-gnu/12/../../../../lib/:/lib/x86_64-linux-gnu/:/lib/../lib/:/usr/lib/x86_64-linux-gnu/:/usr/lib/../lib/:/usr/lib/gcc/x86_64-linux-gnu/12/../../../:/lib/:/usr/lib/
COLLECT_GCC_OPTIONS='-v' '-o' 'CMakeFiles/cmTC_b683e.dir/CMakeCCompilerABI.c.o' '-c' '-mtune=generic' '-march=x86-64' '-dumpdir' 'CMakeFiles/cmTC_b683e.dir/CMakeCCompilerABI.c.'
Linking C executable cmTC_b683e
/usr/bin/cmake -E cmake_link_script CMakeFiles/cmTC_b683e.dir/link.txt --verbose=1
/usr/bin/cc  -v CMakeFiles/cmTC_b683e.dir/CMakeCCompilerABI.c.o -o cmTC_b683e 
Using built-in specs.
COLLECT_GCC=/usr/bin/cc
COLLECT_LTO_WRAPPER=/usr/lib/gcc/x86_64-linux-gnu/12/lto-wrapper
OFFLOAD_TARGET_NAMES=nvptx-none:amdgcn-amdhsa
OFFLOAD_TARGET_DEFAULT=1
Target: x86_64-linux-gnu
Configured with: ../src/configure -v --with-pkgversion='Debian 12.2.0-14' --with-bugurl=file:///usr/share/doc/gcc-12/README.Bugs --enable-languages=c,ada,c++,go,d,fortran,objc,obj-c++,m2 --prefix=/usr --with-gcc-major-version-only --program-suffix=-12 --program-prefix=x86_64-linux-gnu- --enable-shared --enable-linker-build-id --libexecdir=/usr/lib --without-included-gettext --enable-threads=posix --libdir=/usr/lib --enable-nls --enable-clocale=gnu --enable-libstdcxx-debug --enable-libstdcxx-time=yes --with-default-libstdcxx-abi=new --enable-gnu-unique-object --disable-vtable-verify --enable-plugin --enable-default-pie --with-system-zlib --enable-libphobos-checking=release --with-target-system-zlib=auto --enable-objc-gc=auto --enable-multiarch --disable-werror --enable-cet --with-arch-32=i686 --with-abi=m64 --with-multilib-list=m32,m64,mx32 --enable-multilib --with-tune=generic --enable-offload-targets=nvptx-none=/build/gcc-12-bTRWOB/gcc-12-12.2.0/debian/tmp-nvptx/usr,amdgcn-amdhsa=/build/gcc-12-bTRWOB/gcc-12-12.2.0/debian/tmp-gcn/usr --enable-offload-defaulted --without-cuda-driver --enable-checking=release --build=x86_64-linux-gnu --host=x86_64-linux-gnu --target=x86_64-linux-gnu
Thread model: posix
Supported LTO compression algorithms: zlib zstd
gcc version 12.2.0 (Debian 12.2.0-14) 
COMPILER_PATH=/usr/lib/gcc/x86_64-linux-gnu/12/:/usr/lib/gcc/x86_64-linux-gnu/12/:/usr/lib/gcc/x86_64-linux-gnu/:/usr/lib/gcc/x86_64-linux-gnu/12/:/usr/lib/gcc/x86_64-linux-gnu/
LIBRARY_PATH=/usr/lib/gcc/x86_64-linux-gnu/12/:/usr/lib/gcc/x86_64-linux-gnu/12/../../../x86_64-linux-gnu/:/usr/lib/gcc/x86_64-linux-gnu/12/../../../../lib/:/lib/x86_64-linux-gnu/:/lib/../lib/:/usr/lib/x86_64-linux-gnu/:/usr/lib/../lib/:/usr/lib/gcc/x86_64-linux-gnu/12/../../../:/lib/:/usr/lib/
COLLECT_GCC_OPTIONS='-v' '-o' 'cmTC_b683e' '-mtune=generic' '-march=x86-64' '-dumpdir' 'cmTC_b683e.'
 /usr/lib/gcc/x86_64-linux-gnu/12/collect2 -plugin /usr/lib/gcc/x86_64-linux-gnu/12/liblto_plugin.so -plugin-opt=/usr/lib/gcc/x86_64-linux-gnu/12/lto-wrapper -plugin-opt=-fresolution=/tmp/ccfxXhrt.res -plugin-opt=-pass-through=-lgcc -plugin-opt=-pass-through=-lgcc_s -plugin-opt=-pass-through=-lc -plugin-opt=-pass-through=-lgcc -plugin-opt=-pass-through=-lgcc_s --build-id --eh-frame-hdr -m elf_x86_64 --hash-style=gnu --as-needed -dynamic-linker /lib64/ld-linux-x86-64.so.2 -pie -o cmTC_b683e /usr/lib/gcc/x86_64-linux-gnu/12/../../../x86_64-linux-gnu/Scrt1.o /usr/lib/gcc/x86_64-linux-gnu/12/../../../x86_64-linux-gnu/crti.o /usr/lib/gcc/x86_64-linux-gnu/12/crtbeginS.o -L/usr/lib/gcc/x86_64-linux-gnu/12 -L/usr/lib/gcc/x86_64-linux-gnu/12/../../../x86_64-linux-gnu -L/usr/lib/gcc/x86_64-linux-gnu/12/../../../../lib -L/lib/x86_64-linux-gnu -L/lib/../lib -L/usr/lib/x86_64-linux-gnu -L/usr/lib/../lib -L/usr/lib/gcc/x86_64-linux-gnu/12/../../.. CMakeFiles/cmTC_b683e.dir/CMakeCCompilerABI.c.o -lgcc --push-state --as-needed -lgcc_s --pop-state -lc -lgcc --push-state --as-needed -lgcc_s --pop-state /usr/lib/gcc/x86_64-linux-gnu/12/crtendS.o /usr/lib/gcc/x86_64-linux-gnu/12/../../../x86_64-linux-gnu/crtn.o
COLLECT_GCC_OPTIONS='-v' '-o' 'cmTC_b683e' '-mtune=generic' '-march=x86-64' '-dumpdir' 'cmTC_b683e.'
gmake[1]: Leaving directory '/home/mathav/Downloads/Recycle bin/jul 24/check/nvtop/build/CMakeFiles/CMakeScratch/TryCompile-HLNKs2'



Parsed C implicit include dir info from above output: rv=done
  found start of include info
  found start of implicit include info
    add: [/usr/lib/gcc/x86_64-linux-gnu/12/include]
    add: [/usr/local/include]
    add: [/usr/include/x86_64-linux-gnu]
    add: [/usr/include]
  end of search list found
  collapse include dir [/usr/lib/gcc/x86_64-linux-gnu/12/include] ==> [/usr/lib/gcc/x86_64-linux-gnu/12/include]
  collapse include dir [/usr/local/include] ==> [/usr/local/include]
  collapse include dir [/usr/include/x86_64-linux-gnu] ==> [/usr/include/x86_64-linux-gnu]
  collapse include dir [/usr/include] ==> [/usr/include]
  implicit include dirs: [/usr/lib/gcc/x86_64-linux-gnu/12/include;/usr/local/include;/usr/include/x86_64-linux-gnu;/usr/include]


Parsed C implicit link information from above output:
  link line regex: [^( *|.*[/\])(ld|CMAKE_LINK_STARTFILE-NOTFOUND|([^/\]+-)?ld|collect2)[^/\]*( |$)]
  ignore line: [Change Dir: /home/mathav/Downloads/Recycle bin/jul 24/check/nvtop/build/CMakeFiles/CMakeScratch/TryCompile-HLNKs2]
  ignore line: []
  ignore line: [Run Build Command(s):/usr/bin/gmake -f Makefile cmTC_b683e/fast && /usr/bin/gmake  -f CMakeFiles/cmTC_b683e.dir/build.make CMakeFiles/cmTC_b683e.dir/build]
  ignore line: [gmake[1]: Entering directory '/home/mathav/Downloads/Recycle bin/jul 24/check/nvtop/build/CMakeFiles/CMakeScratch/TryCompile-HLNKs2']
  ignore line: [Building C object CMakeFiles/cmTC_b683e.dir/CMakeCCompilerABI.c.o]
  ignore line: [/usr/bin/cc   -v -o CMakeFiles/cmTC_b683e.dir/CMakeCCompilerABI.c.o -c /usr/share/cmake-3.25/Modules/CMakeCCompilerABI.c]
  ignore line: [Using built-in specs.]
  ignore line: [COLLECT_GCC=/usr/bin/cc]
  ignore line: [OFFLOAD_TARGET_NAMES=nvptx-none:amdgcn-amdhsa]
  ignore line: [OFFLOAD_TARGET_DEFAULT=1]
  ignore line: [Target: x86_64-linux-gnu]
  ignore line: [Configured with: ../src/configure -v --with-pkgversion='Debian 12.2.0-14' --with-bugurl=file:///usr/share/doc/gcc-12/README.Bugs --enable-languages=c ada c++ go d fortran objc obj-c++ m2 --prefix=/usr --with-gcc-major-version-only --program-suffix=-12 --program-prefix=x86_64-linux-gnu- --enable-shared --enable-linker-build-id --libexecdir=/usr/lib --without-included-gettext --enable-threads=posix --libdir=/usr/lib --enable-nls --enable-clocale=gnu --enable-libstdcxx-debug --enable-libstdcxx-time=yes --with-default-libstdcxx-abi=new --enable-gnu-unique-object --disable-vtable-verify --enable-plugin --enable-default-pie --with-system-zlib --enable-libphobos-checking=release --with-target-system-zlib=auto --enable-objc-gc=auto --enable-multiarch --disable-werror --enable-cet --with-arch-32=i686 --with-abi=m64 --with-multilib-list=m32 m64 mx32 --enable-multilib --with-tune=generic --enable-offload-targets=nvptx-none=/build/gcc-12-bTRWOB/gcc-12-12.2.0/debian/tmp-nvptx/usr amdgcn-amdhsa=/build/gcc-12-bTRWOB/gcc-12-12.2.0/debian/tmp-gcn/usr --enable-offload-defaulted --without-cuda-driver --enable-checking=release --build=x86_64-linux-gnu --host=x86_64-linux-gnu --target=x86_64-linux-gnu]
  ignore line: [Thread model: posix]
  ignore line: [Supported LTO compression algorithms: zlib zstd]
  ignore line: [gcc version 12.2.0 (Debian 12.2.0-14) ]
  ignore line: [COLLECT_GCC_OPTIONS='-v' '-o' 'CMakeFiles/cmTC_b683e.dir/CMakeCCompilerABI.c.o' '-c' '-mtune=generic' '-march=x86-64' '-dumpdir' 'CMakeFiles/cmTC_b683e.dir/']
  ignore line: [ /usr/lib/gcc/x86_64-linux-gnu/12/cc1 -quiet -v -imultiarch x86_64-linux-gnu /usr/share/cmake-3.25/Modules/CMakeCCompilerABI.c -quiet -dumpdir CMakeFiles/cmTC_b683e.dir/ -dumpbase CMakeCCompilerABI.c.c -dumpbase-ext .c -mtune=generic -march=x86-64 -version -fasynchronous-unwind-tables -o /tmp/ccBw5spC.s]
  ignore line: [GNU C17 (Debian 12.2.0-14) version 12.2.0 (x86_64-linux-gnu)]
  ignore line: [	compiled by GNU C version 12.2.0  GMP version 6.2.1  MPFR version 4.1.1-p1  MPC version 1.3.1  isl version isl-0.25-GMP]
  ignore line: []
  ignore line: [warning: MPFR header version 4.1.1-p1 differs from library version 4.2.0.]
  ignore line: [GGC heuristics: --param ggc-min-expand=100 --param ggc-min-heapsize=131072]
  ignore line: [ignoring nonexistent directory "/usr/local/include/x86_64-linux-gnu"]
  ignore line: [ignoring nonexistent directory "/usr/lib/gcc/x86_64-linux-gnu/12/include-fixed"]
  ignore line: [ignoring nonexistent directory "/usr/lib/gcc/x86_64-linux-gnu/12/../../../../x86_64-linux-gnu/include"]
  ignore line: [#include "..." search starts here:]
  ignore line: [#include <...> search starts here:]
  ignore line: [ /usr/lib/gcc/x86_64-linux-gnu/12/include]
  ignore line: [ /usr/local/include]
  ignore line: [ /usr/include/x86_64-linux-gnu]
  ignore line: [ /usr/include]
  ignore line: [End of search list.]
  ignore line: [GNU C17 (Debian 12.2.0-14) version 12.2.0 (x86_64-linux-gnu)]
  ignore line: [	compiled by GNU C version 12.2.0  GMP version 6.2.1  MPFR version 4.1.1-p1  MPC version 1.3.1  isl version isl-0.25-GMP]
  ignore line: []
  ignore line: [warning: MPFR header version 4.1.1-p1 differs from library version 4.2.0.]
  ignore line: [GGC heuristics: --param ggc-min-expand=100 --param ggc-min-heapsize=131072]
  ignore line: [Compiler executable checksum: cc72d2b9b5048fedc2be9051c917b40b]
  ignore line: [COLLECT_GCC_OPTIONS='-v' '-o' 'CMakeFiles/cmTC_b683e.dir/CMakeCCompilerABI.c.o' '-c' '-mtune=generic' '-march=x86-64' '-dumpdir' 'CMakeFiles/cmTC_b683e.dir/']
  ignore line: [ as -v --64 -o CMakeFiles/cmTC_b683e.dir/CMakeCCompilerABI.c.o /tmp/ccBw5spC.s]
  ignore line: [GNU assembler version 2.40 (x86_64-linux-gnu) using BFD version (GNU Binutils for Debian) 2.40]
  ignore line: [COMPILER_PATH=/usr/lib/gcc/x86_64-linux-gnu/12/:/usr/lib/gcc/x86_64-linux-gnu/12/:/usr/lib/gcc/x86_64-linux-gnu/:/usr/lib/gcc/x86_64-linux-gnu/12/:/usr/lib/gcc/x86_64-linux-gnu/]
  ignore line: [LIBRARY_PATH=/usr/lib/gcc/x86_64-linux-gnu/12/:/usr/lib/gcc/x86_64-linux-gnu/12/../../../x86_64-linux-gnu/:/usr/lib/gcc/x86_64-linux-gnu/12/../../../../lib/:/lib/x86_64-linux-gnu/:/lib/../lib/:/usr/lib/x86_64-linux-gnu/:/usr/lib/../lib/:/usr/lib/gcc/x86_64-linux-gnu/12/../../../:/lib/:/usr/lib/]
  ignore line: [COLLECT_GCC_OPTIONS='-v' '-o' 'CMakeFiles/cmTC_b683e.dir/CMakeCCompilerABI.c.o' '-c' '-mtune=generic' '-march=x86-64' '-dumpdir' 'CMakeFiles/cmTC_b683e.dir/CMakeCCompilerABI.c.']
  ignore line: [Linking C executable cmTC_b683e]
  ignore line: [/usr/bin/cmake -E cmake_link_script CMakeFiles/cmTC_b683e.dir/link.txt --verbose=1]
  ignore line: [/usr/bin/cc  -v CMakeFiles/cmTC_b683e.dir/CMakeCCompilerABI.c.o -o cmTC_b683e ]
  ignore line: [Using built-in specs.]
  ignore line: [COLLECT_GCC=/usr/bin/cc]
  ignore line: [COLLECT_LTO_WRAPPER=/usr/lib/gcc/x86_64-linux-gnu/12/lto-wrapper]
  ignore line: [OFFLOAD_TARGET_NAMES=nvptx-none:amdgcn-amdhsa]
  ignore line: [OFFLOAD_TARGET_DEFAULT=1]
  ignore line: [Target: x86_64-linux-gnu]
  ignore line: [Configured with: ../src/configure -v --with-pkgversion='Debian 12.2.0-14' --with-bugurl=file:///usr/share/doc/gcc-12/README.Bugs --enable-languages=c ada c++ go d fortran objc obj-c++ m2 --prefix=/usr --with-gcc-major-version-only --program-suffix=-12 --program-prefix=x86_64-linux-gnu- --enable-shared --enable-linker-build-id --libexecdir=/usr/lib --without-included-gettext --enable-threads=posix --libdir=/usr/lib --enable-nls --enable-clocale=gnu --enable-libstdcxx-debug --enable-libstdcxx-time=yes --with-default-libstdcxx-abi=new --enable-gnu-unique-object --disable-vtable-verify --enable-plugin --enable-default-pie --with-system-zlib --enable-libphobos-checking=release --with-target-system-zlib=auto --enable-objc-gc=auto --enable-multiarch --disable-werror --enable-cet --with-arch-32=i686 --with-abi=m64 --with-multilib-list=m32 m64 mx32 --enable-multilib --with-tune=generic --enable-offload-targets=nvptx-none=/build/gcc-12-bTRWOB/gcc-12-12.2.0/debian/tmp-nvptx/usr amdgcn-amdhsa=/build/gcc-12-bTRWOB/gcc-12-12.2.0/debian/tmp-gcn/usr --enable-offload-defaulted --without-cuda-driver --enable-checking=release --build=x86_64-linux-gnu --host=x86_64-linux-gnu --target=x86_64-linux-gnu]
  ignore line: [Thread model: posix]
  ignore line: [Supported LTO compression algorithms: zlib zstd]
  ignore line: [gcc version 12.2.0 (Debian 12.2.0-14) ]
  ignore line: [COMPILER_PATH=/usr/lib/gcc/x86_64-linux-gnu/12/:/usr/lib/gcc/x86_64-linux-gnu/12/:/usr/lib/gcc/x86_64-linux-gnu/:/usr/lib/gcc/x86_64-linux-gnu/12/:/usr/lib/gcc/x86_64-linux-gnu/]
  ignore line: [LIBRARY_PATH=/usr/lib/gcc/x86_64-linux-gnu/12/:/usr/lib/gcc/x86_64-linux-gnu/12/../../../x86_64-linux-gnu/:/usr/lib/gcc/x86_64-linux-gnu/12/../../../../lib/:/lib/x86_64-linux-gnu/:/lib/../lib/:/usr/lib/x86_64-linux-gnu/:/usr/lib/../lib/:/usr/lib/gcc/x86_64-linux-gnu/12/../../../:/lib/:/usr/lib/]
  ignore line: [COLLECT_GCC_OPTIONS='-v' '-o' 'cmTC_b683e' '-mtune=generic' '-march=x86-64' '-dumpdir' 'cmTC_b683e.']
  link line: [ /usr/lib/gcc/x86_64-linux-gnu/12/collect2 -plugin /usr/lib/gcc/x86_64-linux-gnu/12/liblto_plugin.so -plugin-opt=/usr/lib/gcc/x86_64-linux-gnu/12/lto-wrapper -plugin-opt=-fresolution=/tmp/ccfxXhrt.res -plugin-opt=-pass-through=-lgcc -plugin-opt=-pass-through=-lgcc_s -plugin-opt=-pass-through=-lc -plugin-opt=-pass-through=-lgcc -plugin-opt=-pass-through=-lgcc_s --build-id --eh-frame-hdr -m elf_x86_64 --hash-style=gnu --as-needed -dynamic-linker /lib64/ld-linux-x86-64.so.2 -pie -o cmTC_b683e /usr/lib/gcc/x86_64-linux-gnu/12/../../../x86_64-linux-gnu/Scrt1.o /usr/lib/gcc/x86_64-linux-gnu/12/../../../x86_64-linux-gnu/crti.o /usr/lib/gcc/x86_64-linux-gnu/12/crtbeginS.o -L/usr/lib/gcc/x86_64-linux-gnu/12 -L/usr/lib/gcc/x86_64-linux-gnu/12/../../../x86_64-linux-gnu -L/usr/lib/gcc/x86_64-linux-gnu/12/../../../../lib -L/lib/x86_64-linux-gnu -L/lib/../lib -L/usr/lib/x86_64-linux-gnu -L/usr/lib/../lib -L/usr/lib/gcc/x86_64-linux-gnu/12/../../.. CMakeFiles/cmTC_b683e.dir/CMakeCCompilerABI.c.o -lgcc --push-state --as-needed -lgcc_s --pop-state -lc -lgcc --push-state --as-needed -lgcc_s --pop-state /usr/lib/gcc/x86_64-linux-gnu/12/crtendS.o /usr/lib/gcc/x86_64-linux-gnu/12/../../../x86_64-linux-gnu/crtn.o]
    arg [/usr/lib/gcc/x86_64-linux-gnu/12/collect2] ==> ignore
    arg [-plugin] ==> ignore
    arg [/usr/lib/gcc/x86_64-linux-gnu/12/liblto_plugin.so] ==> ignore
    arg [-plugin-opt=/usr/lib/gcc/x86_64-linux-gnu/12/lto-wrapper] ==> ignore
    arg [-plugin-opt=-fresolution=/tmp/ccfxXhrt.res] ==> ignore
    arg [-plugin-opt=-pass-through=-lgcc] ==> ignore
    arg [-plugin-opt=-pass-through=-lgcc_s] ==> ignore
    arg [-plugin-opt=-pass-through=-lc] ==> ignore
    arg [-plugin-opt=-pass-through=-lgcc] ==> ignore
    arg [-plugin-opt=-pass-through=-lgcc_s] ==> ignore
    arg [--build-id] ==> ignore
    arg [--eh-frame-hdr] ==> ignore
    arg [-m] ==> ignore
    arg [elf_x86_64] ==> ignore
    arg [--hash-style=gnu] ==> ignore
    arg [--as-needed] ==> ignore
    arg [-dynamic-linker] ==> ignore
    arg [/lib64/ld-linux-x86-64.so.2] ==> ignore
    arg [-pie] ==> ignore
    arg [-o] ==> ignore
    arg [cmTC_b683e] ==> ignore
    arg [/usr/lib/gcc/x86_64-linux-gnu/12/../../../x86_64-linux-gnu/Scrt1.o] ==> obj [/usr/lib/gcc/x86_64-linux-gnu/12/../../../x86_64-linux-gnu/Scrt1.o]
    arg [/usr/lib/gcc/x86_64-linux-gnu/12/../../../x86_64-linux-gnu/crti.o] ==> obj [/usr/lib/gcc/x86_64-linux-gnu/12/../../../x86_64-linux-gnu/crti.o]
    arg [/usr/lib/gcc/x86_64-linux-gnu/12/crtbeginS.o] ==> obj [/usr/lib/gcc/x86_64-linux-gnu/12/crtbeginS.o]
    arg [-L/usr/lib/gcc/x86_64-linux-gnu/12] ==> dir [/usr/lib/gcc/x86_64-linux-gnu/12]
    arg [-L/usr/lib/gcc/x86_64-linux-gnu/12/../../../x86_64-linux-gnu] ==> dir [/usr/lib/gcc/x86_64-linux-gnu/12/../../../x86_64-linux-gnu]
    arg [-L/usr/lib/gcc/x86_64-linux-gnu/12/../../../../lib] ==> dir [/usr/lib/gcc/x86_64-linux-gnu/12/../../../../lib]
    arg [-L/lib/x86_64-linux-gnu] ==> dir [/lib/x86_64-linux-gnu]
    arg [-L/lib/../lib] ==> dir [/lib/../lib]
    arg [-L/usr/lib/x86_64-linux-gnu] ==> dir [/usr/lib/x86_64-linux-gnu]
    arg [-L/usr/lib/../lib] ==> dir [/usr/lib/../lib]
    arg [-L/usr/lib/gcc/x86_64-linux-gnu/12/../../..] ==> dir [/usr/lib/gcc/x86_64-linux-gnu/12/../../..]
    arg [CMakeFiles/cmTC_b683e.dir/CMakeCCompilerABI.c.o] ==> ignore
    arg [-lgcc] ==> lib [gcc]
    arg [--push-state] ==> ignore
    arg [--as-needed] ==> ignore
    arg [-lgcc_s] ==> lib [gcc_s]
    arg [--pop-state] ==> ignore
    arg [-lc] ==> lib [c]
    arg [-lgcc] ==> lib [gcc]
    arg [--push-state] ==> ignore
    arg [--as-needed] ==> ignore
    arg [-lgcc_s] ==> lib [gcc_s]
    arg [--pop-state] ==> ignore
    arg [/usr/lib/gcc/x86_64-linux-gnu/12/crtendS.o] ==> obj [/usr/lib/gcc/x86_64-linux-gnu/12/crtendS.o]
    arg [/usr/lib/gcc/x86_64-linux-gnu/12/../../../x86_64-linux-gnu/crtn.o] ==> obj [/usr/lib/gcc/x86_64-linux-gnu/12/../../../x86_64-linux-gnu/crtn.o]
  collapse obj [/usr/lib/gcc/x86_64-linux-gnu/12/../../../x86_64-linux-gnu/Scrt1.o] ==> [/usr/lib/x86_64-linux-gnu/Scrt1.o]
  collapse obj [/usr/lib/gcc/x86_64-linux-gnu/12/../../../x86_64-linux-gnu/crti.o] ==> [/usr/lib/x86_64-linux-gnu/crti.o]
  collapse obj [/usr/lib/gcc/x86_64-linux-gnu/12/../../../x86_64-linux-gnu/crtn.o] ==> [/usr/lib/x86_64-linux-gnu/crtn.o]
  collapse library dir [/usr/lib/gcc/x86_64-linux-gnu/12] ==> [/usr/lib/gcc/x86_64-linux-gnu/12]
  collapse library dir [/usr/lib/gcc/x86_64-linux-gnu/12/../../../x86_64-linux-gnu] ==> [/usr/lib/x86_64-linux-gnu]
  collapse library dir [/usr/lib/gcc/x86_64-linux-gnu/12/../../../../lib] ==> [/usr/lib]
  collapse library dir [/lib/x86_64-linux-gnu] ==> [/lib/x86_64-linux-gnu]
  collapse library dir [/lib/../lib] ==> [/lib]
  collapse library dir [/usr/lib/x86_64-linux-gnu] ==> [/usr/lib/x86_64-linux-gnu]
  collapse library dir [/usr/lib/../lib] ==> [/usr/lib]
  collapse library dir [/usr/lib/gcc/x86_64-linux-gnu/12/../../..] ==> [/usr/lib]
  implicit libs: [gcc;gcc_s;c;gcc;gcc_s]
  implicit objs: [/usr/lib/x86_64-linux-gnu/Scrt1.o;/usr/lib/x86_64-linux-gnu/crti.o;/usr/lib/gcc/x86_64-linux-gnu/12/crtbeginS.o;/usr/lib/gcc/x86_64-linux-gnu/12/crtendS.o;/usr/lib/x86_64-linux-gnu/crtn.o]
  implicit dirs: [/usr/lib/gcc/x86_64-linux-gnu/12;/usr/lib/x86_64-linux-gnu;/usr/lib;/lib/x86_64-linux-gnu;/lib]
  implicit fwks: []


Detecting CXX compiler ABI info compiled with the following output:
Change Dir: /home/mathav/Downloads/Recycle bin/jul 24/check/nvtop/build/CMakeFiles/CMakeScratch/TryCompile-iUvUro

Run Build Command(s):/usr/bin/gmake -f Makefile cmTC_49f36/fast && /usr/bin/gmake  -f CMakeFiles/cmTC_49f36.dir/build.make CMakeFiles/cmTC_49f36.dir/build
gmake[1]: Entering directory '/home/mathav/Downloads/Recycle bin/jul 24/check/nvtop/build/CMakeFiles/CMakeScratch/TryCompile-iUvUro'
Building CXX object CMakeFiles/cmTC_49f36.dir/CMakeCXXCompilerABI.cpp.o
/usr/bin/c++   -v -o CMakeFiles/cmTC_49f36.dir/CMakeCXXCompilerABI.cpp.o -c /usr/share/cmake-3.25/Modules/CMakeCXXCompilerABI.cpp
Using built-in specs.
COLLECT_GCC=/usr/bin/c++
OFFLOAD_TARGET_NAMES=nvptx-none:amdgcn-amdhsa
OFFLOAD_TARGET_DEFAULT=1
Target: x86_64-linux-gnu
Configured with: ../src/configure -v --with-pkgversion='Debian 12.2.0-14' --with-bugurl=file:///usr/share/doc/gcc-12/README.Bugs --enable-languages=c,ada,c++,go,d,fortran,objc,obj-c++,m2 --prefix=/usr --with-gcc-major-version-only --program-suffix=-12 --program-prefix=x86_64-linux-gnu- --enable-shared --enable-linker-build-id --libexecdir=/usr/lib --without-included-gettext --enable-threads=posix --libdir=/usr/lib --enable-nls --enable-clocale=gnu --enable-libstdcxx-debug --enable-libstdcxx-time=yes --with-default-libstdcxx-abi=new --enable-gnu-unique-object --disable-vtable-verify --enable-plugin --enable-default-pie --with-system-zlib --enable-libphobos-checking=release --with-target-system-zlib=auto --enable-objc-gc=auto --enable-multiarch --disable-werror --enable-cet --with-arch-32=i686 --with-abi=m64 --with-multilib-list=m32,m64,mx32 --enable-multilib --with-tune=generic --enable-offload-targets=nvptx-none=/build/gcc-12-bTRWOB/gcc-12-12.2.0/debian/tmp-nvptx/usr,amdgcn-amdhsa=/build/gcc-12-bTRWOB/gcc-12-12.2.0/debian/tmp-gcn/usr --enable-offload-defaulted --without-cuda-driver --enable-checking=release --build=x86_64-linux-gnu --host=x86_64-linux-gnu --target=x86_64-linux-gnu
Thread model: posix
Supported LTO compression algorithms: zlib zstd
gcc version 12.2.0 (Debian 12.2.0-14) 
COLLECT_GCC_OPTIONS='-v' '-o' 'CMakeFiles/cmTC_49f36.dir/CMakeCXXCompilerABI.cpp.o' '-c' '-shared-libgcc' '-mtune=generic' '-march=x86-64' '-dumpdir' 'CMakeFiles/cmTC_49f36.dir/'
 /usr/lib/gcc/x86_64-linux-gnu/12/cc1plus -quiet -v -imultiarch x86_64-linux-gnu -D_GNU_SOURCE /usr/share/cmake-3.25/Modules/CMakeCXXCompilerABI.cpp -quiet -dumpdir CMakeFiles/cmTC_49f36.dir/ -dumpbase CMakeCXXCompilerABI.cpp.cpp -dumpbase-ext .cpp -mtune=generic -march=x86-64 -version -fasynchronous-unwind-tables -o /tmp/ccfzUYYP.s
GNU C++17 (Debian 12.2.0-14) version 12.2.0 (x86_64-linux-gnu)
	compiled by GNU C version 12.2.0, GMP version 6.2.1, MPFR version 4.1.1-p1, MPC version 1.3.1, isl version isl-0.25-GMP

warning: MPFR header version 4.1.1-p1 differs from library version 4.2.0.
GGC heuristics: --param ggc-min-expand=100 --param ggc-min-heapsize=131072
ignoring duplicate directory "/usr/include/x86_64-linux-gnu/c++/12"
ignoring nonexistent directory "/usr/local/include/x86_64-linux-gnu"
ignoring nonexistent directory "/usr/lib/gcc/x86_64-linux-gnu/12/include-fixed"
ignoring nonexistent directory "/usr/lib/gcc/x86_64-linux-gnu/12/../../../../x86_64-linux-gnu/include"
#include "..." search starts here:
#include <...> search starts here:
 /usr/include/c++/12
 /usr/include/x86_64-linux-gnu/c++/12
 /usr/include/c++/12/backward
 /usr/lib/gcc/x86_64-linux-gnu/12/include
 /usr/local/include
 /usr/include/x86_64-linux-gnu
 /usr/include
End of search list.
GNU C++17 (Debian 12.2.0-14) version 12.2.0 (x86_64-linux-gnu)
	compiled by GNU C version 12.2.0, GMP version 6.2.1, MPFR version 4.1.1-p1, MPC version 1.3.1, isl version isl-0.25-GMP

warning: MPFR header version 4.1.1-p1 differs from library version 4.2.0.
GGC heuristics: --param ggc-min-expand=100 --param ggc-min-heapsize=131072
Compiler executable checksum: 62b090dbbefa50644117a3c13d47369a
COLLECT_GCC_OPTIONS='-v' '-o' 'CMakeFiles/cmTC_49f36.dir/CMakeCXXCompilerABI.cpp.o' '-c' '-shared-libgcc' '-mtune=generic' '-march=x86-64' '-dumpdir' 'CMakeFiles/cmTC_49f36.dir/'
 as -v --64 -o CMakeFiles/cmTC_49f36.dir/CMakeCXXCompilerABI.cpp.o /tmp/ccfzUYYP.s
GNU assembler version 2.40 (x86_64-linux-gnu) using BFD version (GNU Binutils for Debian) 2.40
COMPILER_PATH=/usr/lib/gcc/x86_64-linux-gnu/12/:/usr/lib/gcc/x86_64-linux-gnu/12/:/usr/lib/gcc/x86_64-linux-gnu/:/usr/lib/gcc/x86_64-linux-gnu/12/:/usr/lib/gcc/x86_64-linux-gnu/
LIBRARY_PATH=/usr/lib/gcc/x86_64-linux-gnu/12/:/usr/lib/gcc/x86_64-linux-gnu/12/../../../x86_64-linux-gnu/:/usr/lib/gcc/x86_64-linux-gnu/12/../../../../lib/:/lib/x86_64-linux-gnu/:/lib/../lib/:/usr/lib/x86_64-linux-gnu/:/usr/lib/../lib/:/usr/lib/gcc/x86_64-linux-gnu/12/../../../:/lib/:/usr/lib/
COLLECT_GCC_OPTIONS='-v' '-o' 'CMakeFiles/cmTC_49f36.dir/CMakeCXXCompilerABI.cpp.o' '-c' '-shared-libgcc' '-mtune=generic' '-march=x86-64' '-dumpdir' 'CMakeFiles/cmTC_49f36.dir/CMakeCXXCompilerABI.cpp.'
Linking CXX executable cmTC_49f36
/usr/bin/cmake -E cmake_link_script CMakeFiles/cmTC_49f36.dir/link.txt --verbose=1
/usr/bin/c++  -v CMakeFiles/cmTC_49f36.dir/CMakeCXXCompilerABI.cpp.o -o cmTC_49f36 
Using built-in specs.
COLLECT_GCC=/usr/bin/c++
COLLECT_LTO_WRAPPER=/usr/lib/gcc/x86_64-linux-gnu/12/lto-wrapper
OFFLOAD_TARGET_NAMES=nvptx-none:amdgcn-amdhsa
OFFLOAD_TARGET_DEFAULT=1
Target: x86_64-linux-gnu
Configured with: ../src/configure -v --with-pkgversion='Debian 12.2.0-14' --with-bugurl=file:///usr/share/doc/gcc-12/README.Bugs --enable-languages=c,ada,c++,go,d,fortran,objc,obj-c++,m2 --prefix=/usr --with-gcc-major-version-only --program-suffix=-12 --program-prefix=x86_64-linux-gnu- --enable-shared --enable-linker-build-id --libexecdir=/usr/lib --without-included-gettext --enable-threads=posix --libdir=/usr/lib --enable-nls --enable-clocale=gnu --enable-libstdcxx-debug --enable-libstdcxx-time=yes --with-default-libstdcxx-abi=new --enable-gnu-unique-object --disable-vtable-verify --enable-plugin --enable-default-pie --with-system-zlib --enable-libphobos-checking=release --with-target-system-zlib=auto --enable-objc-gc=auto --enable-multiarch --disable-werror --enable-cet --with-arch-32=i686 --with-abi=m64 --with-multilib-list=m32,m64,mx32 --enable-multilib --with-tune=generic --enable-offload-targets=nvptx-none=/build/gcc-12-bTRWOB/gcc-12-12.2.0/debian/tmp-nvptx/usr,amdgcn-amdhsa=/build/gcc-12-bTRWOB/gcc-12-12.2.0/debian/tmp-gcn/usr --enable-offload-defaulted --without-cuda-driver --enable-checking=release --build=x86_64-linux-gnu --host=x86_64-linux-gnu --target=x86_64-linux-gnu
Thread model: posix
Supported LTO compression algorithms: zlib zstd
gcc version 12.2.0 (Debian 12.2.0-14) 
COMPILER_PATH=/usr/lib/gcc/x86_64-linux-gnu/12/:/usr/lib/gcc/x86_64-linux-gnu/12/:/usr/lib/gcc/x86_64-linux-gnu/:/usr/lib/gcc/x86_64-linux-gnu/12/:/usr/lib/gcc/x86_64-linux-gnu/
LIBRARY_PATH=/usr/lib/gcc/x86_64-linux-gnu/12/:/usr/lib/gcc/x86_64-linux-gnu/12/../../../x86_64-linux-gnu/:/usr/lib/gcc/x86_64-linux-gnu/12/../../../../lib/:/lib/x86_64-linux-gnu/:/lib/../lib/:/usr/lib/x86_64-linux-gnu/:/usr/lib/../lib/:/usr/lib/gcc/x86_64-linux-gnu/12/../../../:/lib/:/usr/lib/
COLLECT_GCC_OPTIONS='-v' '-o' 'cmTC_49f36' '-shared-libgcc' '-mtune=generic' '-march=x86-64' '-dumpdir' 'cmTC_49f36.'
 /usr/lib/gcc/x86_64-linux-gnu/12/collect2 -plugin /usr/lib/gcc/x86_64-linux-gnu/12/liblto_plugin.so -plugin-opt=/usr/lib/gcc/x86_64-linux-gnu/12/lto-wrapper -plugin-opt=-fresolution=/tmp/ccvNPQFv.res -plugin-opt=-pass-through=-lgcc_s -plugin-opt=-pass-through=-lgcc -plugin-opt=-pass-through=-lc -plugin-opt=-pass-through=-lgcc_s -plugin-opt=-pass-through=-lgcc --build-id --eh-frame-hdr -m elf_x86_64 --hash-style=gnu --as-needed -dynamic-linker /lib64/ld-linux-x86-64.so.2 -pie -o cmTC_49f36 /usr/lib/gcc/x86_64-linux-gnu/12/../../../x86_64-linux-gnu/Scrt1.o /usr/lib/gcc/x86_64-linux-gnu/12/../../../x86_64-linux-gnu/crti.o /usr/lib/gcc/x86_64-linux-gnu/12/crtbeginS.o -L/usr/lib/gcc/x86_64-linux-gnu/12 -L/usr/lib/gcc/x86_64-linux-gnu/12/../../../x86_64-linux-gnu -L/usr/lib/gcc/x86_64-linux-gnu/12/../../../../lib -L/lib/x86_64-linux-gnu -L/lib/../lib -L/usr/lib/x86_64-linux-gnu -L/usr/lib/../lib -L/usr/lib/gcc/x86_64-linux-gnu/12/../../.. CMakeFiles/cmTC_49f36.dir/CMakeCXXCompilerABI.cpp.o -lstdc++ -lm -lgcc_s -lgcc -lc -lgcc_s -lgcc /usr/lib/gcc/x86_64-linux-gnu/12/crtendS.o /usr/lib/gcc/x86_64-linux-gnu/12/../../../x86_64-linux-gnu/crtn.o
COLLECT_GCC_OPTIONS='-v' '-o' 'cmTC_49f36' '-shared-libgcc' '-mtune=generic' '-march=x86-64' '-dumpdir' 'cmTC_49f36.'
gmake[1]: Leaving directory '/home/mathav/Downloads/Recycle bin/jul 24/check/nvtop/build/CMakeFiles/CMakeScratch/TryCompile-iUvUro'



Parsed CXX implicit include dir info from above output: rv=done
  found start of include info
  found start of implicit include info
    add: [/usr/include/c++/12]
    add: [/usr/include/x86_64-linux-gnu/c++/12]
    add: [/usr/include/c++/12/backward]
    add: [/usr/lib/gcc/x86_64-linux-gnu/12/include]
    add: [/usr/local/include]
    add: [/usr/include/x86_64-linux-gnu]
    add: [/usr/include]
  end of search list found
  collapse include dir [/usr/include/c++/12] ==> [/usr/include/c++/12]
  collapse include dir [/usr/include/x86_64-linux-gnu/c++/12] ==> [/usr/include/x86_64-linux-gnu/c++/12]
  collapse include dir [/usr/include/c++/12/backward] ==> [/usr/include/c++/12/backward]
  collapse include dir [/usr/lib/gcc/x86_64-linux-gnu/12/include] ==> [/usr/lib/gcc/x86_64-linux-gnu/12/include]
  collapse include dir [/usr/local/include] ==> [/usr/local/include]
  collapse include dir [/usr/include/x86_64-linux-gnu] ==> [/usr/include/x86_64-linux-gnu]
  collapse include dir [/usr/include] ==> [/usr/include]
  implicit include dirs: [/usr/include/c++/12;/usr/include/x86_64-linux-gnu/c++/12;/usr/include/c++/12/backward;/usr/lib/gcc/x86_64-linux-gnu/12/include;/usr/local/include;/usr/include/x86_64-linux-gnu;/usr/include]


Parsed CXX implicit link information from above output:
  link line regex: [^( *|.*[/\])(ld|CMAKE_LINK_STARTFILE-NOTFOUND|([^/\]+-)?ld|collect2)[^/\]*( |$)]
  ignore line: [Change Dir: /home/mathav/Downloads/Recycle bin/jul 24/check/nvtop/build/CMakeFiles/CMakeScratch/TryCompile-iUvUro]
  ignore line: []
  ignore line: [Run Build Command(s):/usr/bin/gmake -f Makefile cmTC_49f36/fast && /usr/bin/gmake  -f CMakeFiles/cmTC_49f36.dir/build.make CMakeFiles/cmTC_49f36.dir/build]
  ignore line: [gmake[1]: Entering directory '/home/mathav/Downloads/Recycle bin/jul 24/check/nvtop/build/CMakeFiles/CMakeScratch/TryCompile-iUvUro']
  ignore line: [Building CXX object CMakeFiles/cmTC_49f36.dir/CMakeCXXCompilerABI.cpp.o]
  ignore line: [/usr/bin/c++   -v -o CMakeFiles/cmTC_49f36.dir/CMakeCXXCompilerABI.cpp.o -c /usr/share/cmake-3.25/Modules/CMakeCXXCompilerABI.cpp]
  ignore line: [Using built-in specs.]
  ignore line: [COLLECT_GCC=/usr/bin/c++]
  ignore line: [OFFLOAD_TARGET_NAMES=nvptx-none:amdgcn-amdhsa]
  ignore line: [OFFLOAD_TARGET_DEFAULT=1]
  ignore line: [Target: x86_64-linux-gnu]
  ignore line: [Configured with: ../src/configure -v --with-pkgversion='Debian 12.2.0-14' --with-bugurl=file:///usr/share/doc/gcc-12/README.Bugs --enable-languages=c ada c++ go d fortran objc obj-c++ m2 --prefix=/usr --with-gcc-major-version-only --program-suffix=-12 --program-prefix=x86_64-linux-gnu- --enable-shared --enable-linker-build-id --libexecdir=/usr/lib --without-included-gettext --enable-threads=posix --libdir=/usr/lib --enable-nls --enable-clocale=gnu --enable-libstdcxx-debug --enable-libstdcxx-time=yes --with-default-libstdcxx-abi=new --enable-gnu-unique-object --disable-vtable-verify --enable-plugin --enable-default-pie --with-system-zlib --enable-libphobos-checking=release --with-target-system-zlib=auto --enable-objc-gc=auto --enable-multiarch --disable-werror --enable-cet --with-arch-32=i686 --with-abi=m64 --with-multilib-list=m32 m64 mx32 --enable-multilib --with-tune=generic --enable-offload-targets=nvptx-none=/build/gcc-12-bTRWOB/gcc-12-12.2.0/debian/tmp-nvptx/usr amdgcn-amdhsa=/build/gcc-12-bTRWOB/gcc-12-12.2.0/debian/tmp-gcn/usr --enable-offload-defaulted --without-cuda-driver --enable-checking=release --build=x86_64-linux-gnu --host=x86_64-linux-gnu --target=x86_64-linux-gnu]
  ignore line: [Thread model: posix]
  ignore line: [Supported LTO compression algorithms: zlib zstd]
  ignore line: [gcc version 12.2.0 (Debian 12.2.0-14) ]
  ignore line: [COLLECT_GCC_OPTIONS='-v' '-o' 'CMakeFiles/cmTC_49f36.dir/CMakeCXXCompilerABI.cpp.o' '-c' '-shared-libgcc' '-mtune=generic' '-march=x86-64' '-dumpdir' 'CMakeFiles/cmTC_49f36.dir/']
  ignore line: [ /usr/lib/gcc/x86_64-linux-gnu/12/cc1plus -quiet -v -imultiarch x86_64-linux-gnu -D_GNU_SOURCE /usr/share/cmake-3.25/Modules/CMakeCXXCompilerABI.cpp -quiet -dumpdir CMakeFiles/cmTC_49f36.dir/ -dumpbase CMakeCXXCompilerABI.cpp.cpp -dumpbase-ext .cpp -mtune=generic -march=x86-64 -version -fasynchronous-unwind-tables -o /tmp/ccfzUYYP.s]
  ignore line: [GNU C++17 (Debian 12.2.0-14) version 12.2.0 (x86_64-linux-gnu)]
  ignore line: [	compiled by GNU C version 12.2.0  GMP version 6.2.1  MPFR version 4.1.1-p1  MPC version 1.3.1  isl version isl-0.25-GMP]
  ignore line: []
  ignore line: [warning: MPFR header version 4.1.1-p1 differs from library version 4.2.0.]
  ignore line: [GGC heuristics: --param ggc-min-expand=100 --param ggc-min-heapsize=131072]
  ignore line: [ignoring duplicate directory "/usr/include/x86_64-linux-gnu/c++/12"]
  ignore line: [ignoring nonexistent directory "/usr/local/include/x86_64-linux-gnu"]
  ignore line: [ignoring nonexistent directory "/usr/lib/gcc/x86_64-linux-gnu/12/include-fixed"]
  ignore line: [ignoring nonexistent directory "/usr/lib/gcc/x86_64-linux-gnu/12/../../../../x86_64-linux-gnu/include"]
  ignore line: [#include "..." search starts here:]
  ignore line: [#include <...> search starts here:]
  ignore line: [ /usr/include/c++/12]
  ignore line: [ /usr/include/x86_64-linux-gnu/c++/12]
  ignore line: [ /usr/include/c++/12/backward]
  ignore line: [ /usr/lib/gcc/x86_64-linux-gnu/12/include]
  ignore line: [ /usr/local/include]
  ignore line: [ /usr/include/x86_64-linux-gnu]
  ignore line: [ /usr/include]
  ignore line: [End of search list.]
  ignore line: [GNU C++17 (Debian 12.2.0-14) version 12.2.0 (x86_64-linux-gnu)]
  ignore line: [	compiled by GNU C version 12.2.0  GMP version 6.2.1  MPFR version 4.1.1-p1  MPC version 1.3.1  isl version isl-0.25-GMP]
  ignore line: []
  ignore line: [warning: MPFR header version 4.1.1-p1 differs from library version 4.2.0.]
  ignore line: [GGC heuristics: --param ggc-min-expand=100 --param ggc-min-heapsize=131072]
  ignore line: [Compiler executable checksum: 62b090dbbefa50644117a3c13d47369a]
  ignore line: [COLLECT_GCC_OPTIONS='-v' '-o' 'CMakeFiles/cmTC_49f36.dir/CMakeCXXCompilerABI.cpp.o' '-c' '-shared-libgcc' '-mtune=generic' '-march=x86-64' '-dumpdir' 'CMakeFiles/cmTC_49f36.dir/']
  ignore line: [ as -v --64 -o CMakeFiles/cmTC_49f36.dir/CMakeCXXCompilerABI.cpp.o /tmp/ccfzUYYP.s]
  ignore line: [GNU assembler version 2.40 (x86_64-linux-gnu) using BFD version (GNU Binutils for Debian) 2.40]
  ignore line: [COMPILER_PATH=/usr/lib/gcc/x86_64-linux-gnu/12/:/usr/lib/gcc/x86_64-linux-gnu/12/:/usr/lib/gcc/x86_64-linux-gnu/:/usr/lib/gcc/x86_64-linux-gnu/12/:/usr/lib/gcc/x86_64-linux-gnu/]
  ignore line: [LIBRARY_PATH=/usr/lib/gcc/x86_64-linux-gnu/12/:/usr/lib/gcc/x86_64-linux-gnu/12/../../../x86_64-linux-gnu/:/usr/lib/gcc/x86_64-linux-gnu/12/../../../../lib/:/lib/x86_64-linux-gnu/:/lib/../lib/:/usr/lib/x86_64-linux-gnu/:/usr/lib/../lib/:/usr/lib/gcc/x86_64-linux-gnu/12/../../../:/lib/:/usr/lib/]
  ignore line: [COLLECT_GCC_OPTIONS='-v' '-o' 'CMakeFiles/cmTC_49f36.dir/CMakeCXXCompilerABI.cpp.o' '-c' '-shared-libgcc' '-mtune=generic' '-march=x86-64' '-dumpdir' 'CMakeFiles/cmTC_49f36.dir/CMakeCXXCompilerABI.cpp.']
  ignore line: [Linking CXX executable cmTC_49f36]
  ignore line: [/usr/bin/cmake -E cmake_link_script CMakeFiles/cmTC_49f36.dir/link.txt --verbose=1]
  ignore line: [/usr/bin/c++  -v CMakeFiles/cmTC_49f36.dir/CMakeCXXCompilerABI.cpp.o -o cmTC_49f36 ]
  ignore line: [Using built-in specs.]
  ignore line: [COLLECT_GCC=/usr/bin/c++]
  ignore line: [COLLECT_LTO_WRAPPER=/usr/lib/gcc/x86_64-linux-gnu/12/lto-wrapper]
  ignore line: [OFFLOAD_TARGET_NAMES=nvptx-none:amdgcn-amdhsa]
  ignore line: [OFFLOAD_TARGET_DEFAULT=1]
  ignore line: [Target: x86_64-linux-gnu]
  ignore line: [Configured with: ../src/configure -v --with-pkgversion='Debian 12.2.0-14' --with-bugurl=file:///usr/share/doc/gcc-12/README.Bugs --enable-languages=c ada c++ go d fortran objc obj-c++ m2 --prefix=/usr --with-gcc-major-version-only --program-suffix=-12 --program-prefix=x86_64-linux-gnu- --enable-shared --enable-linker-build-id --libexecdir=/usr/lib --without-included-gettext --enable-threads=posix --libdir=/usr/lib --enable-nls --enable-clocale=gnu --enable-libstdcxx-debug --enable-libstdcxx-time=yes --with-default-libstdcxx-abi=new --enable-gnu-unique-object --disable-vtable-verify --enable-plugin --enable-default-pie --with-system-zlib --enable-libphobos-checking=release --with-target-system-zlib=auto --enable-objc-gc=auto --enable-multiarch --disable-werror --enable-cet --with-arch-32=i686 --with-abi=m64 --with-multilib-list=m32 m64 mx32 --enable-multilib --with-tune=generic --enable-offload-targets=nvptx-none=/build/gcc-12-bTRWOB/gcc-12-12.2.0/debian/tmp-nvptx/usr amdgcn-amdhsa=/build/gcc-12-bTRWOB/gcc-12-12.2.0/debian/tmp-gcn/usr --enable-offload-defaulted --without-cuda-driver --enable-checking=release --build=x86_64-linux-gnu --host=x86_64-linux-gnu --target=x86_64-linux-gnu]
  ignore line: [Thread model: posix]
  ignore line: [Supported LTO compression algorithms: zlib zstd]
  ignore line: [gcc version 12.2.0 (Debian 12.2.0-14) ]
  ignore line: [COMPILER_PATH=/usr/lib/gcc/x86_64-linux-gnu/12/:/usr/lib/gcc/x86_64-linux-gnu/12/:/usr/lib/gcc/x86_64-linux-gnu/:/usr/lib/gcc/x86_64-linux-gnu/12/:/usr/lib/gcc/x86_64-linux-gnu/]
  ignore line: [LIBRARY_PATH=/usr/lib/gcc/x86_64-linux-gnu/12/:/usr/lib/gcc/x86_64-linux-gnu/12/../../../x86_64-linux-gnu/:/usr/lib/gcc/x86_64-linux-gnu/12/../../../../lib/:/lib/x86_64-linux-gnu/:/lib/../lib/:/usr/lib/x86_64-linux-gnu/:/usr/lib/../lib/:/usr/lib/gcc/x86_64-linux-gnu/12/../../../:/lib/:/usr/lib/]
  ignore line: [COLLECT_GCC_OPTIONS='-v' '-o' 'cmTC_49f36' '-shared-libgcc' '-mtune=generic' '-march=x86-64' '-dumpdir' 'cmTC_49f36.']
  link line: [ /usr/lib/gcc/x86_64-linux-gnu/12/collect2 -plugin /usr/lib/gcc/x86_64-linux-gnu/12/liblto_plugin.so -plugin-opt=/usr/lib/gcc/x86_64-linux-gnu/12/lto-wrapper -plugin-opt=-fresolution=/tmp/ccvNPQFv.res -plugin-opt=-pass-through=-lgcc_s -plugin-opt=-pass-through=-lgcc -plugin-opt=-pass-through=-lc -plugin-opt=-pass-through=-lgcc_s -plugin-opt=-pass-through=-lgcc --build-id --eh-frame-hdr -m elf_x86_64 --hash-style=gnu --as-needed -dynamic-linker /lib64/ld-linux-x86-64.so.2 -pie -o cmTC_49f36 /usr/lib/gcc/x86_64-linux-gnu/12/../../../x86_64-linux-gnu/Scrt1.o /usr/lib/gcc/x86_64-linux-gnu/12/../../../x86_64-linux-gnu/crti.o /usr/lib/gcc/x86_64-linux-gnu/12/crtbeginS.o -L/usr/lib/gcc/x86_64-linux-gnu/12 -L/usr/lib/gcc/x86_64-linux-gnu/12/../../../x86_64-linux-gnu -L/usr/lib/gcc/x86_64-linux-gnu/12/../../../../lib -L/lib/x86_64-linux-gnu -L/lib/../lib -L/usr/lib/x86_64-linux-gnu -L/usr/lib/../lib -L/usr/lib/gcc/x86_64-linux-gnu/12/../../.. CMakeFiles/cmTC_49f36.dir/CMakeCXXCompilerABI.cpp.o -lstdc++ -lm -lgcc_s -lgcc -lc -lgcc_s -lgcc /usr/lib/gcc/x86_64-linux-gnu/12/crtendS.o /usr/lib/gcc/x86_64-linux-gnu/12/../../../x86_64-linux-gnu/crtn.o]
    arg [/usr/lib/gcc/x86_64-linux-gnu/12/collect2] ==> ignore
    arg [-plugin] ==> ignore
    arg [/usr/lib/gcc/x86_64-linux-gnu/12/liblto_plugin.so] ==> ignore
    arg [-plugin-opt=/usr/lib/gcc/x86_64-linux-gnu/12/lto-wrapper] ==> ignore
    arg [-plugin-opt=-fresolution=/tmp/ccvNPQFv.res] ==> ignore
    arg [-plugin-opt=-pass-through=-lgcc_s] ==> ignore
    arg [-plugin-opt=-pass-through=-lgcc] ==> ignore
    arg [-plugin-opt=-pass-through=-lc] ==> ignore
    arg [-plugin-opt=-pass-through=-lgcc_s] ==> ignore
    arg [-plugin-opt=-pass-through=-lgcc] ==> ignore
    arg [--build-id] ==> ignore
    arg [--eh-frame-hdr] ==> ignore
    arg [-m] ==> ignore
    arg [elf_x86_64] ==> ignore
    arg [--hash-style=gnu] ==> ignore
    arg [--as-needed] ==> ignore
    arg [-dynamic-linker] ==> ignore
    arg [/lib64/ld-linux-x86-64.so.2] ==> ignore
    arg [-pie] ==> ignore
    arg [-o] ==> ignore
    arg [cmTC_49f36] ==> ignore
    arg [/usr/lib/gcc/x86_64-linux-gnu/12/../../../x86_64-linux-gnu/Scrt1.o] ==> obj [/usr/lib/gcc/x86_64-linux-gnu/12/../../../x86_64-linux-gnu/Scrt1.o]
    arg [/usr/lib/gcc/x86_64-linux-gnu/12/../../../x86_64-linux-gnu/crti.o] ==> obj [/usr/lib/gcc/x86_64-linux-gnu/12/../../../x86_64-linux-gnu/crti.o]
    arg [/usr/lib/gcc/x86_64-linux-gnu/12/crtbeginS.o] ==> obj [/usr/lib/gcc/x86_64-linux-gnu/12/crtbeginS.o]
    arg [-L/usr/lib/gcc/x86_64-linux-gnu/12] ==> dir [/usr/lib/gcc/x86_64-linux-gnu/12]
    arg [-L/usr/lib/gcc/x86_64-linux-gnu/12/../../../x86_64-linux-gnu] ==> dir [/usr/lib/gcc/x86_64-linux-gnu/12/../../../x86_64-linux-gnu]
    arg [-L/usr/lib/gcc/x86_64-linux-gnu/12/../../../../lib] ==> dir [/usr/lib/gcc/x86_64-linux-gnu/12/../../../../lib]
    arg [-L/lib/x86_64-linux-gnu] ==> dir [/lib/x86_64-linux-gnu]
    arg [-L/lib/../lib] ==> dir [/lib/../lib]
    arg [-L/usr/lib/x86_64-linux-gnu] ==> dir [/usr/lib/x86_64-linux-gnu]
    arg [-L/usr/lib/../lib] ==> dir [/usr/lib/../lib]
    arg [-L/usr/lib/gcc/x86_64-linux-gnu/12/../../..] ==> dir [/usr/lib/gcc/x86_64-linux-gnu/12/../../..]
    arg [CMakeFiles/cmTC_49f36.dir/CMakeCXXCompilerABI.cpp.o] ==> ignore
    arg [-lstdc++] ==> lib [stdc++]
    arg [-lm] ==> lib [m]
    arg [-lgcc_s] ==> lib [gcc_s]
    arg [-lgcc] ==> lib [gcc]
    arg [-lc] ==> lib [c]
    arg [-lgcc_s] ==> lib [gcc_s]
    arg [-lgcc] ==> lib [gcc]
    arg [/usr/lib/gcc/x86_64-linux-gnu/12/crtendS.o] ==> obj [/usr/lib/gcc/x86_64-linux-gnu/12/crtendS.o]
    arg [/usr/lib/gcc/x86_64-linux-gnu/12/../../../x86_64-linux-gnu/crtn.o] ==> obj [/usr/lib/gcc/x86_64-linux-gnu/12/../../../x86_64-linux-gnu/crtn.o]
  collapse obj [/usr/lib/gcc/x86_64-linux-gnu/12/../../../x86_64-linux-gnu/Scrt1.o] ==> [/usr/lib/x86_64-linux-gnu/Scrt1.o]
  collapse obj [/usr/lib/gcc/x86_64-linux-gnu/12/../../../x86_64-linux-gnu/crti.o] ==> [/usr/lib/x86_64-linux-gnu/crti.o]
  collapse obj [/usr/lib/gcc/x86_64-linux-gnu/12/../../../x86_64-linux-gnu/crtn.o] ==> [/usr/lib/x86_64-linux-gnu/crtn.o]
  collapse library dir [/usr/lib/gcc/x86_64-linux-gnu/12] ==> [/usr/lib/gcc/x86_64-linux-gnu/12]
  collapse library dir [/usr/lib/gcc/x86_64-linux-gnu/12/../../../x86_64-linux-gnu] ==> [/usr/lib/x86_64-linux-gnu]
  collapse library dir [/usr/lib/gcc/x86_64-linux-gnu/12/../../../../lib] ==> [/usr/lib]
  collapse library dir [/lib/x86_64-linux-gnu] ==> [/lib/x86_64-linux-gnu]
  collapse library dir [/lib/../lib] ==> [/lib]
  collapse library dir [/usr/lib/x86_64-linux-gnu] ==> [/usr/lib/x86_64-linux-gnu]
  collapse library dir [/usr/lib/../lib] ==> [/usr/lib]
  collapse library dir [/usr/lib/gcc/x86_64-linux-gnu/12/../../..] ==> [/usr/lib]
  implicit libs: [stdc++;m;gcc_s;gcc;c;gcc_s;gcc]
  implicit objs: [/usr/lib/x86_64-linux-gnu/Scrt1.o;/usr/lib/x86_64-linux-gnu/crti.o;/usr/lib/gcc/x86_64-linux-gnu/12/crtbeginS.o;/usr/lib/gcc/x86_64-linux-gnu/12/crtendS.o;/usr/lib/x86_64-linux-gnu/crtn.o]
  implicit dirs: [/usr/lib/gcc/x86_64-linux-gnu/12;/usr/lib/x86_64-linux-gnu;/usr/lib;/lib/x86_64-linux-gnu;/lib]
  implicit fwks: []


Determining if the function wsyncup exists in the /usr/lib/x86_64-linux-gnu/libcurses.so passed with the following output:
Change Dir: /home/mathav/Downloads/Recycle bin/jul 24/check/nvtop/build/CMakeFiles/CMakeScratch/TryCompile-EJ9eNR

Run Build Command(s):/usr/bin/gmake -f Makefile cmTC_66060/fast && /usr/bin/gmake  -f CMakeFiles/cmTC_66060.dir/build.make CMakeFiles/cmTC_66060.dir/build
gmake[1]: Entering directory '/home/mathav/Downloads/Recycle bin/jul 24/check/nvtop/build/CMakeFiles/CMakeScratch/TryCompile-EJ9eNR'
Building C object CMakeFiles/cmTC_66060.dir/CheckFunctionExists.c.o
/usr/bin/cc   -DCHECK_FUNCTION_EXISTS=wsyncup -o CMakeFiles/cmTC_66060.dir/CheckFunctionExists.c.o -c "/home/mathav/Downloads/Recycle bin/jul 24/check/nvtop/build/CMakeFiles/CMakeScratch/TryCompile-EJ9eNR/CheckFunctionExists.c"
Linking C executable cmTC_66060
/usr/bin/cmake -E cmake_link_script CMakeFiles/cmTC_66060.dir/link.txt --verbose=1
/usr/bin/cc  -DCHECK_FUNCTION_EXISTS=wsyncup CMakeFiles/cmTC_66060.dir/CheckFunctionExists.c.o -o cmTC_66060  -lcurses 
gmake[1]: Leaving directory '/home/mathav/Downloads/Recycle bin/jul 24/check/nvtop/build/CMakeFiles/CMakeScratch/TryCompile-EJ9eNR'



Determining if the function cbreak exists in the /usr/lib/x86_64-linux-gnu/libncursesw.so passed with the following output:
Change Dir: /home/mathav/Downloads/Recycle bin/jul 24/check/nvtop/build/CMakeFiles/CMakeScratch/TryCompile-SBnNcO

Run Build Command(s):/usr/bin/gmake -f Makefile cmTC_7fada/fast && /usr/bin/gmake  -f CMakeFiles/cmTC_7fada.dir/build.make CMakeFiles/cmTC_7fada.dir/build
gmake[1]: Entering directory '/home/mathav/Downloads/Recycle bin/jul 24/check/nvtop/build/CMakeFiles/CMakeScratch/TryCompile-SBnNcO'
Building C object CMakeFiles/cmTC_7fada.dir/CheckFunctionExists.c.o
/usr/bin/cc   -DCHECK_FUNCTION_EXISTS=cbreak -o CMakeFiles/cmTC_7fada.dir/CheckFunctionExists.c.o -c "/home/mathav/Downloads/Recycle bin/jul 24/check/nvtop/build/CMakeFiles/CMakeScratch/TryCompile-SBnNcO/CheckFunctionExists.c"
Linking C executable cmTC_7fada
/usr/bin/cmake -E cmake_link_script CMakeFiles/cmTC_7fada.dir/link.txt --verbose=1
/usr/bin/cc  -DCHECK_FUNCTION_EXISTS=cbreak CMakeFiles/cmTC_7fada.dir/CheckFunctionExists.c.o -o cmTC_7fada  -lncursesw 
gmake[1]: Leaving directory '/home/mathav/Downloads/Recycle bin/jul 24/check/nvtop/build/CMakeFiles/CMakeScratch/TryCompile-SBnNcO'



Performing C SOURCE FILE Test HAS_REALLOCARRAY succeeded with the following output:
Change Dir: /home/mathav/Downloads/Recycle bin/jul 24/check/nvtop/build/CMakeFiles/CMakeScratch/TryCompile-XzUhWY

Run Build Command(s):/usr/bin/gmake -f Makefile cmTC_c5ee2/fast && /usr/bin/gmake  -f CMakeFiles/cmTC_c5ee2.dir/build.make CMakeFiles/cmTC_c5ee2.dir/build
gmake[1]: Entering directory '/home/mathav/Downloads/Recycle bin/jul 24/check/nvtop/build/CMakeFiles/CMakeScratch/TryCompile-XzUhWY'
Building C object CMakeFiles/cmTC_c5ee2.dir/src.c.o
/usr/bin/cc -DHAS_REALLOCARRAY   -o CMakeFiles/cmTC_c5ee2.dir/src.c.o -c "/home/mathav/Downloads/Recycle bin/jul 24/check/nvtop/build/CMakeFiles/CMakeScratch/TryCompile-XzUhWY/src.c"
Linking C executable cmTC_c5ee2
/usr/bin/cmake -E cmake_link_script CMakeFiles/cmTC_c5ee2.dir/link.txt --verbose=1
/usr/bin/cc CMakeFiles/cmTC_c5ee2.dir/src.c.o -o cmTC_c5ee2 
gmake[1]: Leaving directory '/home/mathav/Downloads/Recycle bin/jul 24/check/nvtop/build/CMakeFiles/CMakeScratch/TryCompile-XzUhWY'


Source file was:

  #include <stdlib.h>
  int main() {
    int *buf = NULL;
    buf = reallocarray(buf, 15, sizeof(*buf));
    return EXIT_SUCCESS;
  }
  

Performing C SOURCE FILE Test compiler_has-Wall succeeded with the following output:
Change Dir: /home/mathav/Downloads/Recycle bin/jul 24/check/nvtop/build/CMakeFiles/CMakeScratch/TryCompile-Tw4tJc

Run Build Command(s):/usr/bin/gmake -f Makefile cmTC_9922d/fast && /usr/bin/gmake  -f CMakeFiles/cmTC_9922d.dir/build.make CMakeFiles/cmTC_9922d.dir/build
gmake[1]: Entering directory '/home/mathav/Downloads/Recycle bin/jul 24/check/nvtop/build/CMakeFiles/CMakeScratch/TryCompile-Tw4tJc'
Building C object CMakeFiles/cmTC_9922d.dir/src.c.o
/usr/bin/cc   -Dcompiler_has-Wall -Wall -o CMakeFiles/cmTC_9922d.dir/src.c.o -c "/home/mathav/Downloads/Recycle bin/jul 24/check/nvtop/build/CMakeFiles/CMakeScratch/TryCompile-Tw4tJc/src.c"
<command-line>: warning: ISO C99 requires whitespace after the macro name
Linking C executable cmTC_9922d
/usr/bin/cmake -E cmake_link_script CMakeFiles/cmTC_9922d.dir/link.txt --verbose=1
/usr/bin/cc CMakeFiles/cmTC_9922d.dir/src.c.o -o cmTC_9922d 
gmake[1]: Leaving directory '/home/mathav/Downloads/Recycle bin/jul 24/check/nvtop/build/CMakeFiles/CMakeScratch/TryCompile-Tw4tJc'


Source file was:
int main(void) { return 0; }

Performing C SOURCE FILE Test compiler_has-Wextra succeeded with the following output:
Change Dir: /home/mathav/Downloads/Recycle bin/jul 24/check/nvtop/build/CMakeFiles/CMakeScratch/TryCompile-Idv8SD

Run Build Command(s):/usr/bin/gmake -f Makefile cmTC_2d66f/fast && /usr/bin/gmake  -f CMakeFiles/cmTC_2d66f.dir/build.make CMakeFiles/cmTC_2d66f.dir/build
gmake[1]: Entering directory '/home/mathav/Downloads/Recycle bin/jul 24/check/nvtop/build/CMakeFiles/CMakeScratch/TryCompile-Idv8SD'
Building C object CMakeFiles/cmTC_2d66f.dir/src.c.o
/usr/bin/cc   -Dcompiler_has-Wextra -Wextra -o CMakeFiles/cmTC_2d66f.dir/src.c.o -c "/home/mathav/Downloads/Recycle bin/jul 24/check/nvtop/build/CMakeFiles/CMakeScratch/TryCompile-Idv8SD/src.c"
<command-line>: warning: ISO C99 requires whitespace after the macro name
Linking C executable cmTC_2d66f
/usr/bin/cmake -E cmake_link_script CMakeFiles/cmTC_2d66f.dir/link.txt --verbose=1
/usr/bin/cc CMakeFiles/cmTC_2d66f.dir/src.c.o -o cmTC_2d66f 
gmake[1]: Leaving directory '/home/mathav/Downloads/Recycle bin/jul 24/check/nvtop/build/CMakeFiles/CMakeScratch/TryCompile-Idv8SD'


Source file was:
int main(void) { return 0; }

Performing C SOURCE FILE Test compiler_has-Waddress succeeded with the following output:
Change Dir: /home/mathav/Downloads/Recycle bin/jul 24/check/nvtop/build/CMakeFiles/CMakeScratch/TryCompile-c90BRB

Run Build Command(s):/usr/bin/gmake -f Makefile cmTC_fbbd6/fast && /usr/bin/gmake  -f CMakeFiles/cmTC_fbbd6.dir/build.make CMakeFiles/cmTC_fbbd6.dir/build
gmake[1]: Entering directory '/home/mathav/Downloads/Recycle bin/jul 24/check/nvtop/build/CMakeFiles/CMakeScratch/TryCompile-c90BRB'
Building C object CMakeFiles/cmTC_fbbd6.dir/src.c.o
/usr/bin/cc   -Dcompiler_has-Waddress -Waddress -o CMakeFiles/cmTC_fbbd6.dir/src.c.o -c "/home/mathav/Downloads/Recycle bin/jul 24/check/nvtop/build/CMakeFiles/CMakeScratch/TryCompile-c90BRB/src.c"
<command-line>: warning: ISO C99 requires whitespace after the macro name
Linking C executable cmTC_fbbd6
/usr/bin/cmake -E cmake_link_script CMakeFiles/cmTC_fbbd6.dir/link.txt --verbose=1
/usr/bin/cc CMakeFiles/cmTC_fbbd6.dir/src.c.o -o cmTC_fbbd6 
gmake[1]: Leaving directory '/home/mathav/Downloads/Recycle bin/jul 24/check/nvtop/build/CMakeFiles/CMakeScratch/TryCompile-c90BRB'


Source file was:
int main(void) { return 0; }

Performing C SOURCE FILE Test compiler_has-Waggressive-loop-optimizations succeeded with the following output:
Change Dir: /home/mathav/Downloads/Recycle bin/jul 24/check/nvtop/build/CMakeFiles/CMakeScratch/TryCompile-churgY

Run Build Command(s):/usr/bin/gmake -f Makefile cmTC_90e9e/fast && /usr/bin/gmake  -f CMakeFiles/cmTC_90e9e.dir/build.make CMakeFiles/cmTC_90e9e.dir/build
gmake[1]: Entering directory '/home/mathav/Downloads/Recycle bin/jul 24/check/nvtop/build/CMakeFiles/CMakeScratch/TryCompile-churgY'
Building C object CMakeFiles/cmTC_90e9e.dir/src.c.o
/usr/bin/cc   -Dcompiler_has-Waggressive-loop-optimizations -Waggressive-loop-optimizations -o CMakeFiles/cmTC_90e9e.dir/src.c.o -c "/home/mathav/Downloads/Recycle bin/jul 24/check/nvtop/build/CMakeFiles/CMakeScratch/TryCompile-churgY/src.c"
<command-line>: warning: ISO C99 requires whitespace after the macro name
Linking C executable cmTC_90e9e
/usr/bin/cmake -E cmake_link_script CMakeFiles/cmTC_90e9e.dir/link.txt --verbose=1
/usr/bin/cc CMakeFiles/cmTC_90e9e.dir/src.c.o -o cmTC_90e9e 
gmake[1]: Leaving directory '/home/mathav/Downloads/Recycle bin/jul 24/check/nvtop/build/CMakeFiles/CMakeScratch/TryCompile-churgY'


Source file was:
int main(void) { return 0; }

Performing C SOURCE FILE Test compiler_has-Wbad-function-cast succeeded with the following output:
Change Dir: /home/mathav/Downloads/Recycle bin/jul 24/check/nvtop/build/CMakeFiles/CMakeScratch/TryCompile-o5cntC

Run Build Command(s):/usr/bin/gmake -f Makefile cmTC_53f6a/fast && /usr/bin/gmake  -f CMakeFiles/cmTC_53f6a.dir/build.make CMakeFiles/cmTC_53f6a.dir/build
gmake[1]: Entering directory '/home/mathav/Downloads/Recycle bin/jul 24/check/nvtop/build/CMakeFiles/CMakeScratch/TryCompile-o5cntC'
Building C object CMakeFiles/cmTC_53f6a.dir/src.c.o
/usr/bin/cc   -Dcompiler_has-Wbad-function-cast -Wbad-function-cast -o CMakeFiles/cmTC_53f6a.dir/src.c.o -c "/home/mathav/Downloads/Recycle bin/jul 24/check/nvtop/build/CMakeFiles/CMakeScratch/TryCompile-o5cntC/src.c"
<command-line>: warning: ISO C99 requires whitespace after the macro name
Linking C executable cmTC_53f6a
/usr/bin/cmake -E cmake_link_script CMakeFiles/cmTC_53f6a.dir/link.txt --verbose=1
/usr/bin/cc CMakeFiles/cmTC_53f6a.dir/src.c.o -o cmTC_53f6a 
gmake[1]: Leaving directory '/home/mathav/Downloads/Recycle bin/jul 24/check/nvtop/build/CMakeFiles/CMakeScratch/TryCompile-o5cntC'


Source file was:
int main(void) { return 0; }

Performing C SOURCE FILE Test compiler_has-Wmissing-declarations succeeded with the following output:
Change Dir: /home/mathav/Downloads/Recycle bin/jul 24/check/nvtop/build/CMakeFiles/CMakeScratch/TryCompile-tH2Sks

Run Build Command(s):/usr/bin/gmake -f Makefile cmTC_123cb/fast && /usr/bin/gmake  -f CMakeFiles/cmTC_123cb.dir/build.make CMakeFiles/cmTC_123cb.dir/build
gmake[1]: Entering directory '/home/mathav/Downloads/Recycle bin/jul 24/check/nvtop/build/CMakeFiles/CMakeScratch/TryCompile-tH2Sks'
Building C object CMakeFiles/cmTC_123cb.dir/src.c.o
/usr/bin/cc   -Dcompiler_has-Wmissing-declarations -Wmissing-declarations -o CMakeFiles/cmTC_123cb.dir/src.c.o -c "/home/mathav/Downloads/Recycle bin/jul 24/check/nvtop/build/CMakeFiles/CMakeScratch/TryCompile-tH2Sks/src.c"
<command-line>: warning: ISO C99 requires whitespace after the macro name
Linking C executable cmTC_123cb
/usr/bin/cmake -E cmake_link_script CMakeFiles/cmTC_123cb.dir/link.txt --verbose=1
/usr/bin/cc CMakeFiles/cmTC_123cb.dir/src.c.o -o cmTC_123cb 
gmake[1]: Leaving directory '/home/mathav/Downloads/Recycle bin/jul 24/check/nvtop/build/CMakeFiles/CMakeScratch/TryCompile-tH2Sks'


Source file was:
int main(void) { return 0; }

Performing C SOURCE FILE Test compiler_has-Wmissing-parameter-type succeeded with the following output:
Change Dir: /home/mathav/Downloads/Recycle bin/jul 24/check/nvtop/build/CMakeFiles/CMakeScratch/TryCompile-v2A2Hk

Run Build Command(s):/usr/bin/gmake -f Makefile cmTC_24c49/fast && /usr/bin/gmake  -f CMakeFiles/cmTC_24c49.dir/build.make CMakeFiles/cmTC_24c49.dir/build
gmake[1]: Entering directory '/home/mathav/Downloads/Recycle bin/jul 24/check/nvtop/build/CMakeFiles/CMakeScratch/TryCompile-v2A2Hk'
Building C object CMakeFiles/cmTC_24c49.dir/src.c.o
/usr/bin/cc   -Dcompiler_has-Wmissing-parameter-type -Wmissing-parameter-type -o CMakeFiles/cmTC_24c49.dir/src.c.o -c "/home/mathav/Downloads/Recycle bin/jul 24/check/nvtop/build/CMakeFiles/CMakeScratch/TryCompile-v2A2Hk/src.c"
<command-line>: warning: ISO C99 requires whitespace after the macro name
Linking C executable cmTC_24c49
/usr/bin/cmake -E cmake_link_script CMakeFiles/cmTC_24c49.dir/link.txt --verbose=1
/usr/bin/cc CMakeFiles/cmTC_24c49.dir/src.c.o -o cmTC_24c49 
gmake[1]: Leaving directory '/home/mathav/Downloads/Recycle bin/jul 24/check/nvtop/build/CMakeFiles/CMakeScratch/TryCompile-v2A2Hk'


Source file was:
int main(void) { return 0; }

Performing C SOURCE FILE Test compiler_has-Wmissing-prototypes succeeded with the following output:
Change Dir: /home/mathav/Downloads/Recycle bin/jul 24/check/nvtop/build/CMakeFiles/CMakeScratch/TryCompile-kkeHoa

Run Build Command(s):/usr/bin/gmake -f Makefile cmTC_c9d6c/fast && /usr/bin/gmake  -f CMakeFiles/cmTC_c9d6c.dir/build.make CMakeFiles/cmTC_c9d6c.dir/build
gmake[1]: Entering directory '/home/mathav/Downloads/Recycle bin/jul 24/check/nvtop/build/CMakeFiles/CMakeScratch/TryCompile-kkeHoa'
Building C object CMakeFiles/cmTC_c9d6c.dir/src.c.o
/usr/bin/cc   -Dcompiler_has-Wmissing-prototypes -Wmissing-prototypes -o CMakeFiles/cmTC_c9d6c.dir/src.c.o -c "/home/mathav/Downloads/Recycle bin/jul 24/check/nvtop/build/CMakeFiles/CMakeScratch/TryCompile-kkeHoa/src.c"
<command-line>: warning: ISO C99 requires whitespace after the macro name
Linking C executable cmTC_c9d6c
/usr/bin/cmake -E cmake_link_script CMakeFiles/cmTC_c9d6c.dir/link.txt --verbose=1
/usr/bin/cc CMakeFiles/cmTC_c9d6c.dir/src.c.o -o cmTC_c9d6c 
gmake[1]: Leaving directory '/home/mathav/Downloads/Recycle bin/jul 24/check/nvtop/build/CMakeFiles/CMakeScratch/TryCompile-kkeHoa'


Source file was:
int main(void) { return 0; }

Performing C SOURCE FILE Test compiler_has-Wnested-externs succeeded with the following output:
Change Dir: /home/mathav/Downloads/Recycle bin/jul 24/check/nvtop/build/CMakeFiles/CMakeScratch/TryCompile-KXXXhZ

Run Build Command(s):/usr/bin/gmake -f Makefile cmTC_c1776/fast && /usr/bin/gmake  -f CMakeFiles/cmTC_c1776.dir/build.make CMakeFiles/cmTC_c1776.dir/build
gmake[1]: Entering directory '/home/mathav/Downloads/Recycle bin/jul 24/check/nvtop/build/CMakeFiles/CMakeScratch/TryCompile-KXXXhZ'
Building C object CMakeFiles/cmTC_c1776.dir/src.c.o
/usr/bin/cc   -Dcompiler_has-Wnested-externs -Wnested-externs -o CMakeFiles/cmTC_c1776.dir/src.c.o -c "/home/mathav/Downloads/Recycle bin/jul 24/check/nvtop/build/CMakeFiles/CMakeScratch/TryCompile-KXXXhZ/src.c"
<command-line>: warning: ISO C99 requires whitespace after the macro name
Linking C executable cmTC_c1776
/usr/bin/cmake -E cmake_link_script CMakeFiles/cmTC_c1776.dir/link.txt --verbose=1
/usr/bin/cc CMakeFiles/cmTC_c1776.dir/src.c.o -o cmTC_c1776 
gmake[1]: Leaving directory '/home/mathav/Downloads/Recycle bin/jul 24/check/nvtop/build/CMakeFiles/CMakeScratch/TryCompile-KXXXhZ'


Source file was:
int main(void) { return 0; }

Performing C SOURCE FILE Test compiler_has-Wold-style-declaration succeeded with the following output:
Change Dir: /home/mathav/Downloads/Recycle bin/jul 24/check/nvtop/build/CMakeFiles/CMakeScratch/TryCompile-RJp32S

Run Build Command(s):/usr/bin/gmake -f Makefile cmTC_93e49/fast && /usr/bin/gmake  -f CMakeFiles/cmTC_93e49.dir/build.make CMakeFiles/cmTC_93e49.dir/build
gmake[1]: Entering directory '/home/mathav/Downloads/Recycle bin/jul 24/check/nvtop/build/CMakeFiles/CMakeScratch/TryCompile-RJp32S'
Building C object CMakeFiles/cmTC_93e49.dir/src.c.o
/usr/bin/cc   -Dcompiler_has-Wold-style-declaration -Wold-style-declaration -o CMakeFiles/cmTC_93e49.dir/src.c.o -c "/home/mathav/Downloads/Recycle bin/jul 24/check/nvtop/build/CMakeFiles/CMakeScratch/TryCompile-RJp32S/src.c"
<command-line>: warning: ISO C99 requires whitespace after the macro name
Linking C executable cmTC_93e49
/usr/bin/cmake -E cmake_link_script CMakeFiles/cmTC_93e49.dir/link.txt --verbose=1
/usr/bin/cc CMakeFiles/cmTC_93e49.dir/src.c.o -o cmTC_93e49 
gmake[1]: Leaving directory '/home/mathav/Downloads/Recycle bin/jul 24/check/nvtop/build/CMakeFiles/CMakeScratch/TryCompile-RJp32S'


Source file was:
int main(void) { return 0; }

Performing C SOURCE FILE Test compiler_has-Wold-style-definition succeeded with the following output:
Change Dir: /home/mathav/Downloads/Recycle bin/jul 24/check/nvtop/build/CMakeFiles/CMakeScratch/TryCompile-FkQTeo

Run Build Command(s):/usr/bin/gmake -f Makefile cmTC_37145/fast && /usr/bin/gmake  -f CMakeFiles/cmTC_37145.dir/build.make CMakeFiles/cmTC_37145.dir/build
gmake[1]: Entering directory '/home/mathav/Downloads/Recycle bin/jul 24/check/nvtop/build/CMakeFiles/CMakeScratch/TryCompile-FkQTeo'
Building C object CMakeFiles/cmTC_37145.dir/src.c.o
/usr/bin/cc   -Dcompiler_has-Wold-style-definition -Wold-style-definition -o CMakeFiles/cmTC_37145.dir/src.c.o -c "/home/mathav/Downloads/Recycle bin/jul 24/check/nvtop/build/CMakeFiles/CMakeScratch/TryCompile-FkQTeo/src.c"
<command-line>: warning: ISO C99 requires whitespace after the macro name
Linking C executable cmTC_37145
/usr/bin/cmake -E cmake_link_script CMakeFiles/cmTC_37145.dir/link.txt --verbose=1
/usr/bin/cc CMakeFiles/cmTC_37145.dir/src.c.o -o cmTC_37145 
gmake[1]: Leaving directory '/home/mathav/Downloads/Recycle bin/jul 24/check/nvtop/build/CMakeFiles/CMakeScratch/TryCompile-FkQTeo'


Source file was:
int main(void) { return 0; }

Performing C SOURCE FILE Test compiler_has-Wstrict-prototypes succeeded with the following output:
Change Dir: /home/mathav/Downloads/Recycle bin/jul 24/check/nvtop/build/CMakeFiles/CMakeScratch/TryCompile-dyfwoO

Run Build Command(s):/usr/bin/gmake -f Makefile cmTC_6f749/fast && /usr/bin/gmake  -f CMakeFiles/cmTC_6f749.dir/build.make CMakeFiles/cmTC_6f749.dir/build
gmake[1]: Entering directory '/home/mathav/Downloads/Recycle bin/jul 24/check/nvtop/build/CMakeFiles/CMakeScratch/TryCompile-dyfwoO'
Building C object CMakeFiles/cmTC_6f749.dir/src.c.o
/usr/bin/cc   -Dcompiler_has-Wstrict-prototypes -Wstrict-prototypes -o CMakeFiles/cmTC_6f749.dir/src.c.o -c "/home/mathav/Downloads/Recycle bin/jul 24/check/nvtop/build/CMakeFiles/CMakeScratch/TryCompile-dyfwoO/src.c"
<command-line>: warning: ISO C99 requires whitespace after the macro name
Linking C executable cmTC_6f749
/usr/bin/cmake -E cmake_link_script CMakeFiles/cmTC_6f749.dir/link.txt --verbose=1
/usr/bin/cc CMakeFiles/cmTC_6f749.dir/src.c.o -o cmTC_6f749 
gmake[1]: Leaving directory '/home/mathav/Downloads/Recycle bin/jul 24/check/nvtop/build/CMakeFiles/CMakeScratch/TryCompile-dyfwoO'


Source file was:
int main(void) { return 0; }

Performing C SOURCE FILE Test compiler_has-Wpointer-sign succeeded with the following output:
Change Dir: /home/mathav/Downloads/Recycle bin/jul 24/check/nvtop/build/CMakeFiles/CMakeScratch/TryCompile-UI9U75

Run Build Command(s):/usr/bin/gmake -f Makefile cmTC_0a021/fast && /usr/bin/gmake  -f CMakeFiles/cmTC_0a021.dir/build.make CMakeFiles/cmTC_0a021.dir/build
gmake[1]: Entering directory '/home/mathav/Downloads/Recycle bin/jul 24/check/nvtop/build/CMakeFiles/CMakeScratch/TryCompile-UI9U75'
Building C object CMakeFiles/cmTC_0a021.dir/src.c.o
/usr/bin/cc   -Dcompiler_has-Wpointer-sign -Wpointer-sign -o CMakeFiles/cmTC_0a021.dir/src.c.o -c "/home/mathav/Downloads/Recycle bin/jul 24/check/nvtop/build/CMakeFiles/CMakeScratch/TryCompile-UI9U75/src.c"
<command-line>: warning: ISO C99 requires whitespace after the macro name
Linking C executable cmTC_0a021
/usr/bin/cmake -E cmake_link_script CMakeFiles/cmTC_0a021.dir/link.txt --verbose=1
/usr/bin/cc CMakeFiles/cmTC_0a021.dir/src.c.o -o cmTC_0a021 
gmake[1]: Leaving directory '/home/mathav/Downloads/Recycle bin/jul 24/check/nvtop/build/CMakeFiles/CMakeScratch/TryCompile-UI9U75'


Source file was:
int main(void) { return 0; }

Performing C SOURCE FILE Test compiler_has-Wdouble-promotion succeeded with the following output:
Change Dir: /home/mathav/Downloads/Recycle bin/jul 24/check/nvtop/build/CMakeFiles/CMakeScratch/TryCompile-wipZPM

Run Build Command(s):/usr/bin/gmake -f Makefile cmTC_dc830/fast && /usr/bin/gmake  -f CMakeFiles/cmTC_dc830.dir/build.make CMakeFiles/cmTC_dc830.dir/build
gmake[1]: Entering directory '/home/mathav/Downloads/Recycle bin/jul 24/check/nvtop/build/CMakeFiles/CMakeScratch/TryCompile-wipZPM'
Building C object CMakeFiles/cmTC_dc830.dir/src.c.o
/usr/bin/cc   -Dcompiler_has-Wdouble-promotion -Wdouble-promotion -o CMakeFiles/cmTC_dc830.dir/src.c.o -c "/home/mathav/Downloads/Recycle bin/jul 24/check/nvtop/build/CMakeFiles/CMakeScratch/TryCompile-wipZPM/src.c"
<command-line>: warning: ISO C99 requires whitespace after the macro name
Linking C executable cmTC_dc830
/usr/bin/cmake -E cmake_link_script CMakeFiles/cmTC_dc830.dir/link.txt --verbose=1
/usr/bin/cc CMakeFiles/cmTC_dc830.dir/src.c.o -o cmTC_dc830 
gmake[1]: Leaving directory '/home/mathav/Downloads/Recycle bin/jul 24/check/nvtop/build/CMakeFiles/CMakeScratch/TryCompile-wipZPM'


Source file was:
int main(void) { return 0; }

Performing C SOURCE FILE Test compiler_has-Wuninitialized succeeded with the following output:
Change Dir: /home/mathav/Downloads/Recycle bin/jul 24/check/nvtop/build/CMakeFiles/CMakeScratch/TryCompile-xaoBjw

Run Build Command(s):/usr/bin/gmake -f Makefile cmTC_1fcba/fast && /usr/bin/gmake  -f CMakeFiles/cmTC_1fcba.dir/build.make CMakeFiles/cmTC_1fcba.dir/build
gmake[1]: Entering directory '/home/mathav/Downloads/Recycle bin/jul 24/check/nvtop/build/CMakeFiles/CMakeScratch/TryCompile-xaoBjw'
Building C object CMakeFiles/cmTC_1fcba.dir/src.c.o
/usr/bin/cc   -Dcompiler_has-Wuninitialized -Wuninitialized -o CMakeFiles/cmTC_1fcba.dir/src.c.o -c "/home/mathav/Downloads/Recycle bin/jul 24/check/nvtop/build/CMakeFiles/CMakeScratch/TryCompile-xaoBjw/src.c"
<command-line>: warning: ISO C99 requires whitespace after the macro name
Linking C executable cmTC_1fcba
/usr/bin/cmake -E cmake_link_script CMakeFiles/cmTC_1fcba.dir/link.txt --verbose=1
/usr/bin/cc CMakeFiles/cmTC_1fcba.dir/src.c.o -o cmTC_1fcba 
gmake[1]: Leaving directory '/home/mathav/Downloads/Recycle bin/jul 24/check/nvtop/build/CMakeFiles/CMakeScratch/TryCompile-xaoBjw'


Source file was:
int main(void) { return 0; }

Performing C SOURCE FILE Test compiler_has-Winit-self succeeded with the following output:
Change Dir: /home/mathav/Downloads/Recycle bin/jul 24/check/nvtop/build/CMakeFiles/CMakeScratch/TryCompile-PTHdkA

Run Build Command(s):/usr/bin/gmake -f Makefile cmTC_a10f6/fast && /usr/bin/gmake  -f CMakeFiles/cmTC_a10f6.dir/build.make CMakeFiles/cmTC_a10f6.dir/build
gmake[1]: Entering directory '/home/mathav/Downloads/Recycle bin/jul 24/check/nvtop/build/CMakeFiles/CMakeScratch/TryCompile-PTHdkA'
Building C object CMakeFiles/cmTC_a10f6.dir/src.c.o
/usr/bin/cc   -Dcompiler_has-Winit-self -Winit-self -o CMakeFiles/cmTC_a10f6.dir/src.c.o -c "/home/mathav/Downloads/Recycle bin/jul 24/check/nvtop/build/CMakeFiles/CMakeScratch/TryCompile-PTHdkA/src.c"
<command-line>: warning: ISO C99 requires whitespace after the macro name
Linking C executable cmTC_a10f6
/usr/bin/cmake -E cmake_link_script CMakeFiles/cmTC_a10f6.dir/link.txt --verbose=1
/usr/bin/cc CMakeFiles/cmTC_a10f6.dir/src.c.o -o cmTC_a10f6 
gmake[1]: Leaving directory '/home/mathav/Downloads/Recycle bin/jul 24/check/nvtop/build/CMakeFiles/CMakeScratch/TryCompile-PTHdkA'


Source file was:
int main(void) { return 0; }

Performing C SOURCE FILE Test compiler_has-Wstrict-aliasing succeeded with the following output:
Change Dir: /home/mathav/Downloads/Recycle bin/jul 24/check/nvtop/build/CMakeFiles/CMakeScratch/TryCompile-XB1OET

Run Build Command(s):/usr/bin/gmake -f Makefile cmTC_ba245/fast && /usr/bin/gmake  -f CMakeFiles/cmTC_ba245.dir/build.make CMakeFiles/cmTC_ba245.dir/build
gmake[1]: Entering directory '/home/mathav/Downloads/Recycle bin/jul 24/check/nvtop/build/CMakeFiles/CMakeScratch/TryCompile-XB1OET'
Building C object CMakeFiles/cmTC_ba245.dir/src.c.o
/usr/bin/cc   -Dcompiler_has-Wstrict-aliasing -Wstrict-aliasing -o CMakeFiles/cmTC_ba245.dir/src.c.o -c "/home/mathav/Downloads/Recycle bin/jul 24/check/nvtop/build/CMakeFiles/CMakeScratch/TryCompile-XB1OET/src.c"
<command-line>: warning: ISO C99 requires whitespace after the macro name
Linking C executable cmTC_ba245
/usr/bin/cmake -E cmake_link_script CMakeFiles/cmTC_ba245.dir/link.txt --verbose=1
/usr/bin/cc CMakeFiles/cmTC_ba245.dir/src.c.o -o cmTC_ba245 
gmake[1]: Leaving directory '/home/mathav/Downloads/Recycle bin/jul 24/check/nvtop/build/CMakeFiles/CMakeScratch/TryCompile-XB1OET'


Source file was:
int main(void) { return 0; }

Performing C SOURCE FILE Test compiler_has-Wsuggest-attribute-const succeeded with the following output:
Change Dir: /home/mathav/Downloads/Recycle bin/jul 24/check/nvtop/build/CMakeFiles/CMakeScratch/TryCompile-kEOnkt

Run Build Command(s):/usr/bin/gmake -f Makefile cmTC_afa9c/fast && /usr/bin/gmake  -f CMakeFiles/cmTC_afa9c.dir/build.make CMakeFiles/cmTC_afa9c.dir/build
gmake[1]: Entering directory '/home/mathav/Downloads/Recycle bin/jul 24/check/nvtop/build/CMakeFiles/CMakeScratch/TryCompile-kEOnkt'
Building C object CMakeFiles/cmTC_afa9c.dir/src.c.o
/usr/bin/cc   -Dcompiler_has-Wsuggest-attribute-const -Wsuggest-attribute=const -o CMakeFiles/cmTC_afa9c.dir/src.c.o -c "/home/mathav/Downloads/Recycle bin/jul 24/check/nvtop/build/CMakeFiles/CMakeScratch/TryCompile-kEOnkt/src.c"
<command-line>: warning: ISO C99 requires whitespace after the macro name
Linking C executable cmTC_afa9c
/usr/bin/cmake -E cmake_link_script CMakeFiles/cmTC_afa9c.dir/link.txt --verbose=1
/usr/bin/cc CMakeFiles/cmTC_afa9c.dir/src.c.o -o cmTC_afa9c 
gmake[1]: Leaving directory '/home/mathav/Downloads/Recycle bin/jul 24/check/nvtop/build/CMakeFiles/CMakeScratch/TryCompile-kEOnkt'


Source file was:
int main(void) { return 0; }

Performing C SOURCE FILE Test compiler_has-Wtrampolines succeeded with the following output:
Change Dir: /home/mathav/Downloads/Recycle bin/jul 24/check/nvtop/build/CMakeFiles/CMakeScratch/TryCompile-3RMgvG

Run Build Command(s):/usr/bin/gmake -f Makefile cmTC_6495c/fast && /usr/bin/gmake  -f CMakeFiles/cmTC_6495c.dir/build.make CMakeFiles/cmTC_6495c.dir/build
gmake[1]: Entering directory '/home/mathav/Downloads/Recycle bin/jul 24/check/nvtop/build/CMakeFiles/CMakeScratch/TryCompile-3RMgvG'
Building C object CMakeFiles/cmTC_6495c.dir/src.c.o
/usr/bin/cc   -Dcompiler_has-Wtrampolines -Wtrampolines -o CMakeFiles/cmTC_6495c.dir/src.c.o -c "/home/mathav/Downloads/Recycle bin/jul 24/check/nvtop/build/CMakeFiles/CMakeScratch/TryCompile-3RMgvG/src.c"
<command-line>: warning: ISO C99 requires whitespace after the macro name
Linking C executable cmTC_6495c
/usr/bin/cmake -E cmake_link_script CMakeFiles/cmTC_6495c.dir/link.txt --verbose=1
/usr/bin/cc CMakeFiles/cmTC_6495c.dir/src.c.o -o cmTC_6495c 
gmake[1]: Leaving directory '/home/mathav/Downloads/Recycle bin/jul 24/check/nvtop/build/CMakeFiles/CMakeScratch/TryCompile-3RMgvG'


Source file was:
int main(void) { return 0; }

Performing C SOURCE FILE Test compiler_has-Wfloat-equal succeeded with the following output:
Change Dir: /home/mathav/Downloads/Recycle bin/jul 24/check/nvtop/build/CMakeFiles/CMakeScratch/TryCompile-6SAKHJ

Run Build Command(s):/usr/bin/gmake -f Makefile cmTC_57d54/fast && /usr/bin/gmake  -f CMakeFiles/cmTC_57d54.dir/build.make CMakeFiles/cmTC_57d54.dir/build
gmake[1]: Entering directory '/home/mathav/Downloads/Recycle bin/jul 24/check/nvtop/build/CMakeFiles/CMakeScratch/TryCompile-6SAKHJ'
Building C object CMakeFiles/cmTC_57d54.dir/src.c.o
/usr/bin/cc   -Dcompiler_has-Wfloat-equal -Wfloat-equal -o CMakeFiles/cmTC_57d54.dir/src.c.o -c "/home/mathav/Downloads/Recycle bin/jul 24/check/nvtop/build/CMakeFiles/CMakeScratch/TryCompile-6SAKHJ/src.c"
<command-line>: warning: ISO C99 requires whitespace after the macro name
Linking C executable cmTC_57d54
/usr/bin/cmake -E cmake_link_script CMakeFiles/cmTC_57d54.dir/link.txt --verbose=1
/usr/bin/cc CMakeFiles/cmTC_57d54.dir/src.c.o -o cmTC_57d54 
gmake[1]: Leaving directory '/home/mathav/Downloads/Recycle bin/jul 24/check/nvtop/build/CMakeFiles/CMakeScratch/TryCompile-6SAKHJ'


Source file was:
int main(void) { return 0; }

Performing C SOURCE FILE Test compiler_has-Wshadow succeeded with the following output:
Change Dir: /home/mathav/Downloads/Recycle bin/jul 24/check/nvtop/build/CMakeFiles/CMakeScratch/TryCompile-gnWRZ0

Run Build Command(s):/usr/bin/gmake -f Makefile cmTC_48d1f/fast && /usr/bin/gmake  -f CMakeFiles/cmTC_48d1f.dir/build.make CMakeFiles/cmTC_48d1f.dir/build
gmake[1]: Entering directory '/home/mathav/Downloads/Recycle bin/jul 24/check/nvtop/build/CMakeFiles/CMakeScratch/TryCompile-gnWRZ0'
Building C object CMakeFiles/cmTC_48d1f.dir/src.c.o
/usr/bin/cc   -Dcompiler_has-Wshadow -Wshadow -o CMakeFiles/cmTC_48d1f.dir/src.c.o -c "/home/mathav/Downloads/Recycle bin/jul 24/check/nvtop/build/CMakeFiles/CMakeScratch/TryCompile-gnWRZ0/src.c"
<command-line>: warning: ISO C99 requires whitespace after the macro name
Linking C executable cmTC_48d1f
/usr/bin/cmake -E cmake_link_script CMakeFiles/cmTC_48d1f.dir/link.txt --verbose=1
/usr/bin/cc CMakeFiles/cmTC_48d1f.dir/src.c.o -o cmTC_48d1f 
gmake[1]: Leaving directory '/home/mathav/Downloads/Recycle bin/jul 24/check/nvtop/build/CMakeFiles/CMakeScratch/TryCompile-gnWRZ0'


Source file was:
int main(void) { return 0; }

Performing C SOURCE FILE Test compiler_has-Wunsafe-loop-optimizations succeeded with the following output:
Change Dir: /home/mathav/Downloads/Recycle bin/jul 24/check/nvtop/build/CMakeFiles/CMakeScratch/TryCompile-gzOJXS

Run Build Command(s):/usr/bin/gmake -f Makefile cmTC_19af3/fast && /usr/bin/gmake  -f CMakeFiles/cmTC_19af3.dir/build.make CMakeFiles/cmTC_19af3.dir/build
gmake[1]: Entering directory '/home/mathav/Downloads/Recycle bin/jul 24/check/nvtop/build/CMakeFiles/CMakeScratch/TryCompile-gzOJXS'
Building C object CMakeFiles/cmTC_19af3.dir/src.c.o
/usr/bin/cc   -Dcompiler_has-Wunsafe-loop-optimizations -Wunsafe-loop-optimizations -o CMakeFiles/cmTC_19af3.dir/src.c.o -c "/home/mathav/Downloads/Recycle bin/jul 24/check/nvtop/build/CMakeFiles/CMakeScratch/TryCompile-gzOJXS/src.c"
<command-line>: warning: ISO C99 requires whitespace after the macro name
Linking C executable cmTC_19af3
/usr/bin/cmake -E cmake_link_script CMakeFiles/cmTC_19af3.dir/link.txt --verbose=1
/usr/bin/cc CMakeFiles/cmTC_19af3.dir/src.c.o -o cmTC_19af3 
gmake[1]: Leaving directory '/home/mathav/Downloads/Recycle bin/jul 24/check/nvtop/build/CMakeFiles/CMakeScratch/TryCompile-gzOJXS'


Source file was:
int main(void) { return 0; }

Performing C SOURCE FILE Test compiler_has-Wfloat-conversion succeeded with the following output:
Change Dir: /home/mathav/Downloads/Recycle bin/jul 24/check/nvtop/build/CMakeFiles/CMakeScratch/TryCompile-PqiGQj

Run Build Command(s):/usr/bin/gmake -f Makefile cmTC_e5da5/fast && /usr/bin/gmake  -f CMakeFiles/cmTC_e5da5.dir/build.make CMakeFiles/cmTC_e5da5.dir/build
gmake[1]: Entering directory '/home/mathav/Downloads/Recycle bin/jul 24/check/nvtop/build/CMakeFiles/CMakeScratch/TryCompile-PqiGQj'
Building C object CMakeFiles/cmTC_e5da5.dir/src.c.o
/usr/bin/cc   -Dcompiler_has-Wfloat-conversion -Wfloat-conversion -o CMakeFiles/cmTC_e5da5.dir/src.c.o -c "/home/mathav/Downloads/Recycle bin/jul 24/check/nvtop/build/CMakeFiles/CMakeScratch/TryCompile-PqiGQj/src.c"
<command-line>: warning: ISO C99 requires whitespace after the macro name
Linking C executable cmTC_e5da5
/usr/bin/cmake -E cmake_link_script CMakeFiles/cmTC_e5da5.dir/link.txt --verbose=1
/usr/bin/cc CMakeFiles/cmTC_e5da5.dir/src.c.o -o cmTC_e5da5 
gmake[1]: Leaving directory '/home/mathav/Downloads/Recycle bin/jul 24/check/nvtop/build/CMakeFiles/CMakeScratch/TryCompile-PqiGQj'


Source file was:
int main(void) { return 0; }

Performing C SOURCE FILE Test compiler_has-Wlogical-op succeeded with the following output:
Change Dir: /home/mathav/Downloads/Recycle bin/jul 24/check/nvtop/build/CMakeFiles/CMakeScratch/TryCompile-HHHDed

Run Build Command(s):/usr/bin/gmake -f Makefile cmTC_77f07/fast && /usr/bin/gmake  -f CMakeFiles/cmTC_77f07.dir/build.make CMakeFiles/cmTC_77f07.dir/build
gmake[1]: Entering directory '/home/mathav/Downloads/Recycle bin/jul 24/check/nvtop/build/CMakeFiles/CMakeScratch/TryCompile-HHHDed'
Building C object CMakeFiles/cmTC_77f07.dir/src.c.o
/usr/bin/cc   -Dcompiler_has-Wlogical-op -Wlogical-op -o CMakeFiles/cmTC_77f07.dir/src.c.o -c "/home/mathav/Downloads/Recycle bin/jul 24/check/nvtop/build/CMakeFiles/CMakeScratch/TryCompile-HHHDed/src.c"
<command-line>: warning: ISO C99 requires whitespace after the macro name
Linking C executable cmTC_77f07
/usr/bin/cmake -E cmake_link_script CMakeFiles/cmTC_77f07.dir/link.txt --verbose=1
/usr/bin/cc CMakeFiles/cmTC_77f07.dir/src.c.o -o cmTC_77f07 
gmake[1]: Leaving directory '/home/mathav/Downloads/Recycle bin/jul 24/check/nvtop/build/CMakeFiles/CMakeScratch/TryCompile-HHHDed'


Source file was:
int main(void) { return 0; }

Performing C SOURCE FILE Test compiler_has-Wnormalized succeeded with the following output:
Change Dir: /home/mathav/Downloads/Recycle bin/jul 24/check/nvtop/build/CMakeFiles/CMakeScratch/TryCompile-vriouU

Run Build Command(s):/usr/bin/gmake -f Makefile cmTC_13c6c/fast && /usr/bin/gmake  -f CMakeFiles/cmTC_13c6c.dir/build.make CMakeFiles/cmTC_13c6c.dir/build
gmake[1]: Entering directory '/home/mathav/Downloads/Recycle bin/jul 24/check/nvtop/build/CMakeFiles/CMakeScratch/TryCompile-vriouU'
Building C object CMakeFiles/cmTC_13c6c.dir/src.c.o
/usr/bin/cc   -Dcompiler_has-Wnormalized -Wnormalized -o CMakeFiles/cmTC_13c6c.dir/src.c.o -c "/home/mathav/Downloads/Recycle bin/jul 24/check/nvtop/build/CMakeFiles/CMakeScratch/TryCompile-vriouU/src.c"
<command-line>: warning: ISO C99 requires whitespace after the macro name
Linking C executable cmTC_13c6c
/usr/bin/cmake -E cmake_link_script CMakeFiles/cmTC_13c6c.dir/link.txt --verbose=1
/usr/bin/cc CMakeFiles/cmTC_13c6c.dir/src.c.o -o cmTC_13c6c 
gmake[1]: Leaving directory '/home/mathav/Downloads/Recycle bin/jul 24/check/nvtop/build/CMakeFiles/CMakeScratch/TryCompile-vriouU'


Source file was:
int main(void) { return 0; }

Performing C SOURCE FILE Test compiler_has-Wdisabled-optimization succeeded with the following output:
Change Dir: /home/mathav/Downloads/Recycle bin/jul 24/check/nvtop/build/CMakeFiles/CMakeScratch/TryCompile-2Ijftm

Run Build Command(s):/usr/bin/gmake -f Makefile cmTC_690da/fast && /usr/bin/gmake  -f CMakeFiles/cmTC_690da.dir/build.make CMakeFiles/cmTC_690da.dir/build
gmake[1]: Entering directory '/home/mathav/Downloads/Recycle bin/jul 24/check/nvtop/build/CMakeFiles/CMakeScratch/TryCompile-2Ijftm'
Building C object CMakeFiles/cmTC_690da.dir/src.c.o
/usr/bin/cc   -Dcompiler_has-Wdisabled-optimization -Wdisabled-optimization -o CMakeFiles/cmTC_690da.dir/src.c.o -c "/home/mathav/Downloads/Recycle bin/jul 24/check/nvtop/build/CMakeFiles/CMakeScratch/TryCompile-2Ijftm/src.c"
<command-line>: warning: ISO C99 requires whitespace after the macro name
Linking C executable cmTC_690da
/usr/bin/cmake -E cmake_link_script CMakeFiles/cmTC_690da.dir/link.txt --verbose=1
/usr/bin/cc CMakeFiles/cmTC_690da.dir/src.c.o -o cmTC_690da 
gmake[1]: Leaving directory '/home/mathav/Downloads/Recycle bin/jul 24/check/nvtop/build/CMakeFiles/CMakeScratch/TryCompile-2Ijftm'


Source file was:
int main(void) { return 0; }

Performing C SOURCE FILE Test compiler_has-Whsa succeeded with the following output:
Change Dir: /home/mathav/Downloads/Recycle bin/jul 24/check/nvtop/build/CMakeFiles/CMakeScratch/TryCompile-oYNqVm

Run Build Command(s):/usr/bin/gmake -f Makefile cmTC_347f1/fast && /usr/bin/gmake  -f CMakeFiles/cmTC_347f1.dir/build.make CMakeFiles/cmTC_347f1.dir/build
gmake[1]: Entering directory '/home/mathav/Downloads/Recycle bin/jul 24/check/nvtop/build/CMakeFiles/CMakeScratch/TryCompile-oYNqVm'
Building C object CMakeFiles/cmTC_347f1.dir/src.c.o
/usr/bin/cc   -Dcompiler_has-Whsa -Whsa -o CMakeFiles/cmTC_347f1.dir/src.c.o -c "/home/mathav/Downloads/Recycle bin/jul 24/check/nvtop/build/CMakeFiles/CMakeScratch/TryCompile-oYNqVm/src.c"
<command-line>: warning: ISO C99 requires whitespace after the macro name
Linking C executable cmTC_347f1
/usr/bin/cmake -E cmake_link_script CMakeFiles/cmTC_347f1.dir/link.txt --verbose=1
/usr/bin/cc CMakeFiles/cmTC_347f1.dir/src.c.o -o cmTC_347f1 
gmake[1]: Leaving directory '/home/mathav/Downloads/Recycle bin/jul 24/check/nvtop/build/CMakeFiles/CMakeScratch/TryCompile-oYNqVm'


Source file was:
int main(void) { return 0; }

Performing C SOURCE FILE Test compiler_has-Wunused-result succeeded with the following output:
Change Dir: /home/mathav/Downloads/Recycle bin/jul 24/check/nvtop/build/CMakeFiles/CMakeScratch/TryCompile-GogaRf

Run Build Command(s):/usr/bin/gmake -f Makefile cmTC_be7f1/fast && /usr/bin/gmake  -f CMakeFiles/cmTC_be7f1.dir/build.make CMakeFiles/cmTC_be7f1.dir/build
gmake[1]: Entering directory '/home/mathav/Downloads/Recycle bin/jul 24/check/nvtop/build/CMakeFiles/CMakeScratch/TryCompile-GogaRf'
Building C object CMakeFiles/cmTC_be7f1.dir/src.c.o
/usr/bin/cc   -Dcompiler_has-Wunused-result -Wunused-result -o CMakeFiles/cmTC_be7f1.dir/src.c.o -c "/home/mathav/Downloads/Recycle bin/jul 24/check/nvtop/build/CMakeFiles/CMakeScratch/TryCompile-GogaRf/src.c"
<command-line>: warning: ISO C99 requires whitespace after the macro name
Linking C executable cmTC_be7f1
/usr/bin/cmake -E cmake_link_script CMakeFiles/cmTC_be7f1.dir/link.txt --verbose=1
/usr/bin/cc CMakeFiles/cmTC_be7f1.dir/src.c.o -o cmTC_be7f1 
gmake[1]: Leaving directory '/home/mathav/Downloads/Recycle bin/jul 24/check/nvtop/build/CMakeFiles/CMakeScratch/TryCompile-GogaRf'


Source file was:
int main(void) { return 0; }

Performing C SOURCE FILE Test compiler_has-Werror-implicit-function-declaration succeeded with the following output:
Change Dir: /home/mathav/Downloads/Recycle bin/jul 24/check/nvtop/build/CMakeFiles/CMakeScratch/TryCompile-12mOB1

Run Build Command(s):/usr/bin/gmake -f Makefile cmTC_e1d42/fast && /usr/bin/gmake  -f CMakeFiles/cmTC_e1d42.dir/build.make CMakeFiles/cmTC_e1d42.dir/build
gmake[1]: Entering directory '/home/mathav/Downloads/Recycle bin/jul 24/check/nvtop/build/CMakeFiles/CMakeScratch/TryCompile-12mOB1'
Building C object CMakeFiles/cmTC_e1d42.dir/src.c.o
/usr/bin/cc   -Dcompiler_has-Werror-implicit-function-declaration -Werror=implicit-function-declaration -o CMakeFiles/cmTC_e1d42.dir/src.c.o -c "/home/mathav/Downloads/Recycle bin/jul 24/check/nvtop/build/CMakeFiles/CMakeScratch/TryCompile-12mOB1/src.c"
<command-line>: warning: ISO C99 requires whitespace after the macro name
Linking C executable cmTC_e1d42
/usr/bin/cmake -E cmake_link_script CMakeFiles/cmTC_e1d42.dir/link.txt --verbose=1
/usr/bin/cc CMakeFiles/cmTC_e1d42.dir/src.c.o -o cmTC_e1d42 
gmake[1]: Leaving directory '/home/mathav/Downloads/Recycle bin/jul 24/check/nvtop/build/CMakeFiles/CMakeScratch/TryCompile-12mOB1'


Source file was:
int main(void) { return 0; }

Performing C SOURCE FILE Test compiler_has-Wformat succeeded with the following output:
Change Dir: /home/mathav/Downloads/Recycle bin/jul 24/check/nvtop/build/CMakeFiles/CMakeScratch/TryCompile-8JkQ4v

Run Build Command(s):/usr/bin/gmake -f Makefile cmTC_0ad0d/fast && /usr/bin/gmake  -f CMakeFiles/cmTC_0ad0d.dir/build.make CMakeFiles/cmTC_0ad0d.dir/build
gmake[1]: Entering directory '/home/mathav/Downloads/Recycle bin/jul 24/check/nvtop/build/CMakeFiles/CMakeScratch/TryCompile-8JkQ4v'
Building C object CMakeFiles/cmTC_0ad0d.dir/src.c.o
/usr/bin/cc   -Dcompiler_has-Wformat -Wformat -o CMakeFiles/cmTC_0ad0d.dir/src.c.o -c "/home/mathav/Downloads/Recycle bin/jul 24/check/nvtop/build/CMakeFiles/CMakeScratch/TryCompile-8JkQ4v/src.c"
<command-line>: warning: ISO C99 requires whitespace after the macro name
Linking C executable cmTC_0ad0d
/usr/bin/cmake -E cmake_link_script CMakeFiles/cmTC_0ad0d.dir/link.txt --verbose=1
/usr/bin/cc CMakeFiles/cmTC_0ad0d.dir/src.c.o -o cmTC_0ad0d 
gmake[1]: Leaving directory '/home/mathav/Downloads/Recycle bin/jul 24/check/nvtop/build/CMakeFiles/CMakeScratch/TryCompile-8JkQ4v'


Source file was:
int main(void) { return 0; }

Performing C SOURCE FILE Test compiler_has-Wformat-security succeeded with the following output:
Change Dir: /home/mathav/Downloads/Recycle bin/jul 24/check/nvtop/build/CMakeFiles/CMakeScratch/TryCompile-d7O1vj

Run Build Command(s):/usr/bin/gmake -f Makefile cmTC_b0023/fast && /usr/bin/gmake  -f CMakeFiles/cmTC_b0023.dir/build.make CMakeFiles/cmTC_b0023.dir/build
gmake[1]: Entering directory '/home/mathav/Downloads/Recycle bin/jul 24/check/nvtop/build/CMakeFiles/CMakeScratch/TryCompile-d7O1vj'
Building C object CMakeFiles/cmTC_b0023.dir/src.c.o
/usr/bin/cc   -Dcompiler_has-Wformat-security -Wformat-security -o CMakeFiles/cmTC_b0023.dir/src.c.o -c "/home/mathav/Downloads/Recycle bin/jul 24/check/nvtop/build/CMakeFiles/CMakeScratch/TryCompile-d7O1vj/src.c"
cc1: warning: '-Wformat-security' ignored without '-Wformat' [-Wformat-security]
<command-line>: warning: ISO C99 requires whitespace after the macro name
Linking C executable cmTC_b0023
/usr/bin/cmake -E cmake_link_script CMakeFiles/cmTC_b0023.dir/link.txt --verbose=1
/usr/bin/cc CMakeFiles/cmTC_b0023.dir/src.c.o -o cmTC_b0023 
gmake[1]: Leaving directory '/home/mathav/Downloads/Recycle bin/jul 24/check/nvtop/build/CMakeFiles/CMakeScratch/TryCompile-d7O1vj'


Source file was:
int main(void) { return 0; }

Performing C SOURCE FILE Test linker_has-Wl_-z_relro succeeded with the following output:
Change Dir: /home/mathav/Downloads/Recycle bin/jul 24/check/nvtop/build/CMakeFiles/CMakeScratch/TryCompile-fZ7cwB

Run Build Command(s):/usr/bin/gmake -f Makefile cmTC_f96b5/fast && /usr/bin/gmake  -f CMakeFiles/cmTC_f96b5.dir/build.make CMakeFiles/cmTC_f96b5.dir/build
gmake[1]: Entering directory '/home/mathav/Downloads/Recycle bin/jul 24/check/nvtop/build/CMakeFiles/CMakeScratch/TryCompile-fZ7cwB'
Building C object CMakeFiles/cmTC_f96b5.dir/src.c.o
/usr/bin/cc   -Dlinker_has-Wl_-z_relro -o CMakeFiles/cmTC_f96b5.dir/src.c.o -c "/home/mathav/Downloads/Recycle bin/jul 24/check/nvtop/build/CMakeFiles/CMakeScratch/TryCompile-fZ7cwB/src.c"
<command-line>: warning: ISO C99 requires whitespace after the macro name
Linking C executable cmTC_f96b5
/usr/bin/cmake -E cmake_link_script CMakeFiles/cmTC_f96b5.dir/link.txt --verbose=1
/usr/bin/cc -Wl,-z,relro CMakeFiles/cmTC_f96b5.dir/src.c.o -o cmTC_f96b5 
gmake[1]: Leaving directory '/home/mathav/Downloads/Recycle bin/jul 24/check/nvtop/build/CMakeFiles/CMakeScratch/TryCompile-fZ7cwB'


Source file was:
int main(void) { return 0; }

